[2018-04-19 10:20:54] [INFO ] Settings:19 - "../database.properties" was loaded correctly
[2018-04-19 10:22:20] [INFO ] Settings:19 - "../database.properties" was loaded correctly
[2018-04-19 10:24:10] [INFO ] Settings:19 - "../database.properties" was loaded correctly
[2018-04-19 10:24:39] [INFO ] Settings:19 - "../database.properties" was loaded correctly
[2018-04-19 10:25:14] [INFO ] Settings:19 - "../database.properties" was loaded correctly
[2018-04-19 10:26:28] [INFO ] Settings:19 - "../database.properties" was loaded correctly
[2018-04-19 10:27:09] [INFO ] Settings:19 - "../database.properties" was loaded correctly
[2018-04-19 10:27:39] [INFO ] Settings:19 - "../database.properties" was loaded correctly
[2018-04-19 10:29:40] [INFO ] Settings:19 - "../database.properties" was loaded correctly
[2018-04-19 10:29:40] [DEBUG] FileCellBlock:61 - Write 'A' in pos=0 size=1
[2018-04-19 10:29:54] [INFO ] Settings:19 - "../database.properties" was loaded correctly
[2018-04-19 10:29:54] [DEBUG] FileCellBlock:61 - Write 'A' in pos=0 size=1
[2018-04-19 10:29:54] [DEBUG] FileCellBlock:61 - Write 'b' in pos=1 size=1
[2018-04-19 10:30:39] [INFO ] Settings:19 - "../database.properties" was loaded correctly
[2018-04-19 10:30:39] [DEBUG] FileCellBlock:61 - Write 'A' in pos=0 size=1
[2018-04-19 10:30:39] [DEBUG] FileCellBlock:61 - Write 'b' in pos=1 size=1
[2018-04-19 10:31:37] [INFO ] Settings:19 - "../database.properties" was loaded correctly
[2018-04-19 10:31:37] [DEBUG] FileCellBlock:61 - Write 'AA' in pos=0 size=2
[2018-04-19 10:31:37] [DEBUG] FileCellBlock:61 - Write 'BB' in pos=2 size=2
[2018-04-19 10:31:48] [INFO ] Settings:19 - "../database.properties" was loaded correctly
[2018-04-19 10:31:48] [DEBUG] FileCellBlock:61 - Write 'AA' in pos=0 size=2
[2018-04-19 10:31:48] [DEBUG] FileCellBlock:61 - Write 'BB' in pos=2 size=2
[2018-04-19 10:31:58] [INFO ] Settings:19 - "../database.properties" was loaded correctly
[2018-04-19 10:31:58] [DEBUG] FileCellBlock:61 - Write 'AA' in pos=0 size=2
[2018-04-19 10:32:10] [INFO ] Settings:19 - "../database.properties" was loaded correctly
[2018-04-19 10:32:10] [DEBUG] FileCellBlock:61 - Write 'BB' in pos=2 size=2
[2018-04-19 10:32:22] [INFO ] Settings:19 - "../database.properties" was loaded correctly
[2018-04-19 10:32:22] [DEBUG] FileCellBlock:61 - Write 'AA' in pos=0 size=2
[2018-04-19 10:32:22] [DEBUG] FileCellBlock:61 - Write 'BB' in pos=0 size=2
[2018-04-19 10:34:58] [INFO ] Settings:19 - "../database.properties" was loaded correctly
[2018-04-19 10:34:58] [DEBUG] FileCellBlock:61 - Write 'AA' in pos=0 size=2
[2018-04-19 10:36:36] [INFO ] Settings:19 - "../database.properties" was loaded correctly
[2018-04-19 10:36:36] [DEBUG] FileCellBlock:60 - Write 'AA' in pos=0 size=2
[2018-04-19 10:36:36] [DEBUG] FileCellBlock:60 - Write 'BB' in pos=2 size=2
[2018-04-19 10:37:15] [INFO ] Settings:19 - "../database.properties" was loaded correctly
[2018-04-19 10:37:15] [DEBUG] FileCellBlock:60 - Write 'AA' in pos=0 size=2
[2018-04-19 10:37:15] [DEBUG] FileCellBlock:60 - Write 'BB' in pos=2 size=2
[2018-04-19 10:38:35] [INFO ] Settings:19 - "../database.properties" was loaded correctly
[2018-04-19 10:38:35] [DEBUG] FileCellBlock:60 - Write 'AA' in pos=0 size=2
[2018-04-19 10:38:35] [DEBUG] FileCellBlock:60 - Write 'BB' in pos=2 size=2
[2018-04-19 10:40:19] [INFO ] Settings:19 - "../database.properties" was loaded correctly
[2018-04-19 10:40:19] [DEBUG] FileCellBlock:61 - Write 'AA' in pos=0 size=2
[2018-04-19 10:40:19] [DEBUG] FileCellBlock:61 - Write 'BB' in pos=2 size=2
[2018-04-19 10:40:31] [INFO ] Settings:19 - "../database.properties" was loaded correctly
[2018-04-19 10:40:31] [DEBUG] FileCellBlock:61 - Write 'AA' in pos=0 size=2
[2018-04-19 10:40:31] [DEBUG] FileCellBlock:61 - Write 'BB' in pos=2 size=2
[2018-04-19 10:41:04] [INFO ] Settings:19 - "../database.properties" was loaded correctly
[2018-04-19 10:41:04] [DEBUG] FileCellBlock:61 - Write 'AA' in pos=0 size=2
[2018-04-19 10:41:04] [DEBUG] FileCellBlock:61 - Write 'BB' in pos=2 size=2
[2018-04-19 10:41:07] [INFO ] Settings:19 - "../database.properties" was loaded correctly
[2018-04-19 10:41:07] [DEBUG] FileCellBlock:61 - Write 'AA' in pos=0 size=2
[2018-04-19 10:41:07] [DEBUG] FileCellBlock:61 - Write 'BB' in pos=2 size=2
[2018-04-19 10:41:34] [INFO ] Settings:19 - "../database.properties" was loaded correctly
[2018-04-19 10:41:34] [DEBUG] FileCellBlock:61 - Write 'Hola' in pos=0 size=100
[2018-04-19 10:41:34] [DEBUG] FileCellBlock:61 - Write 'Soy Tomas' in pos=100 size=100
[2018-04-19 10:42:27] [INFO ] Settings:19 - "../database.properties" was loaded correctly
[2018-04-19 10:42:27] [DEBUG] FileCellBlock:61 - Write 'Hola' in pos=0 size=100
[2018-04-19 10:54:21] [INFO ] Settings:19 - "../database.properties" was loaded correctly
[2018-04-19 10:54:21] [DEBUG] FileCellBlock:61 - Write 'Hola' in pos=0 size=100
[2018-04-19 10:54:21] [DEBUG] FileCellBlock:61 - Write 'Hola' in pos=100 size=100
[2018-04-19 10:54:54] [INFO ] Settings:19 - "../database.properties" was loaded correctly
[2018-04-19 10:54:54] [DEBUG] FileCellBlock:61 - Write 'Hola' in pos=0 size=100
[2018-04-19 10:54:54] [DEBUG] FileCellBlock:61 - Write 'Hola' in pos=100 size=100
[2018-04-19 10:55:07] [INFO ] Settings:19 - "../database.properties" was loaded correctly
[2018-04-19 10:55:07] [DEBUG] FileCellBlock:61 - Write 'Hola' in pos=100 size=100
[2018-04-19 10:55:07] [DEBUG] FileCellBlock:61 - Write 'Hola' in pos=200 size=100
[2018-04-19 10:56:37] [INFO ] Settings:19 - "../database.properties" was loaded correctly
[2018-04-19 10:56:37] [DEBUG] FileCellBlock:61 - Write '1' in pos=0 size=100
[2018-04-19 10:56:37] [DEBUG] FileCellBlock:61 - Write '2' in pos=100 size=100
[2018-04-19 11:10:46] [INFO ] Settings:19 - "../database.properties" was loaded correctly
[2018-04-19 11:10:46] [DEBUG] FileCellBlock:61 - Write '1' in pos=0 size=100
[2018-04-19 11:10:46] [DEBUG] FileCellBlock:61 - Write '2' in pos=100 size=100
[2018-04-19 11:11:17] [INFO ] Settings:19 - "../database.properties" was loaded correctly
[2018-04-19 11:11:17] [DEBUG] FileCellBlock:61 - Write '1' in pos=0 size=1
[2018-04-19 11:11:17] [DEBUG] FileCellBlock:61 - Write '2' in pos=1 size=1
[2018-04-19 11:11:35] [INFO ] Settings:19 - "../database.properties" was loaded correctly
[2018-04-19 11:11:35] [DEBUG] FileCellBlock:61 - Write '1' in pos=0 size=1
[2018-04-19 11:11:35] [DEBUG] FileCellBlock:61 - Write '2' in pos=1 size=1
[2018-04-19 11:11:38] [INFO ] Settings:19 - "../database.properties" was loaded correctly
[2018-04-19 11:11:38] [DEBUG] FileCellBlock:61 - Write '1' in pos=0 size=1
[2018-04-19 11:11:38] [DEBUG] FileCellBlock:61 - Write '2' in pos=1 size=1
[2018-04-19 11:11:49] [INFO ] Settings:19 - "../database.properties" was loaded correctly
[2018-04-19 11:11:49] [DEBUG] FileCellBlock:61 - Write '1' in pos=0 size=1
[2018-04-19 11:11:49] [DEBUG] FileCellBlock:61 - Write '2' in pos=1 size=1
[2018-04-19 11:24:36] [INFO ] Settings:19 - "../database.properties" was loaded correctly
[2018-04-19 11:24:36] [DEBUG] FileCellBlock:62 - Write '1' in pos=0 size=1
[2018-04-19 11:24:36] [DEBUG] FileCellBlock:62 - Write '2' in pos=1 size=1
[2018-04-19 11:24:41] [INFO ] Settings:19 - "../database.properties" was loaded correctly
[2018-04-19 11:24:41] [DEBUG] FileCellBlock:62 - Write '1' in pos=0 size=1
[2018-04-19 11:24:41] [DEBUG] FileCellBlock:62 - Write '2' in pos=1 size=1
[2018-04-19 11:24:49] [INFO ] Settings:19 - "../database.properties" was loaded correctly
[2018-04-19 11:24:49] [DEBUG] FileCellBlock:62 - Write '1' in pos=0 size=1
[2018-04-19 11:24:49] [DEBUG] FileCellBlock:62 - Write '2' in pos=1 size=1
[2018-04-19 11:24:52] [INFO ] Settings:19 - "../database.properties" was loaded correctly
[2018-04-19 11:24:52] [DEBUG] FileCellBlock:62 - Write '1' in pos=0 size=1
[2018-04-19 11:24:52] [DEBUG] FileCellBlock:62 - Write '2' in pos=1 size=1
[2018-04-19 11:27:16] [INFO ] Settings:19 - "../database.properties" was loaded correctly
[2018-04-19 11:27:16] [DEBUG] FileCellBlock:62 - Write '1' in pos=0 size=1
[2018-04-19 11:27:16] [DEBUG] FileCellBlock:62 - Write '2' in pos=1 size=1
[2018-04-19 11:34:30] [INFO ] Settings:19 - "../database.properties" was loaded correctly
[2018-04-19 11:34:30] [DEBUG] FileCellBlock:64 - Write '1' in pos=0 size=1
[2018-04-19 11:34:30] [DEBUG] FileCellBlock:64 - Write '2' in pos=1 size=1
[2018-04-19 11:34:35] [INFO ] Settings:19 - "../database.properties" was loaded correctly
[2018-04-19 11:34:35] [DEBUG] FileCellBlock:64 - Write '1' in pos=0 size=1
[2018-04-19 11:34:35] [DEBUG] FileCellBlock:64 - Write '2' in pos=1 size=1
[2018-04-19 11:34:39] [INFO ] Settings:19 - "../database.properties" was loaded correctly
[2018-04-19 11:34:39] [DEBUG] FileCellBlock:64 - Write '1' in pos=0 size=1
[2018-04-19 11:34:39] [DEBUG] FileCellBlock:64 - Write '2' in pos=1 size=1
[2018-04-19 11:36:36] [INFO ] Settings:19 - "../database.properties" was loaded correctly
[2018-04-19 11:36:36] [DEBUG] FileCellBlock:64 - Write '1' in pos=0 size=100
[2018-04-19 11:36:36] [DEBUG] FileCellBlock:64 - Write '2' in pos=100 size=100
[2018-04-19 11:36:36] [DEBUG] FileCellBlock:64 - Write '3' in pos=100 size=100
[2018-04-19 11:36:36] [DEBUG] FileCellBlock:64 - Write '6' in pos=200 size=100
[2018-04-19 14:19:30] [INFO ] Settings:19 - "../database.properties" was loaded correctly
[2018-04-19 14:20:52] [INFO ] Settings:19 - "../database.properties" was loaded correctly
[2018-04-19 14:24:37] [INFO ] Settings:19 - "../database.properties" was loaded correctly
[2018-04-19 14:25:07] [INFO ] Settings:19 - "../database.properties" was loaded correctly
[2018-04-19 14:25:23] [INFO ] Settings:19 - "../database.properties" was loaded correctly
[2018-04-19 16:00:43] [INFO ] Settings:19 - "../database.properties" was loaded correctly
