[2018-04-21 15:38:10] [INFO ] Settings:19 - "radio-listener.properties" was loaded correctly
[2018-04-21 15:38:11] [INFO ] CommunicationWrapper:58 - Created queue amq.gen-tsfTjj2zYymWfZCXrp1iJA
[2018-04-21 15:38:11] [DEBUG] CommunicationWrapper:69 - Send message [-861748705] on queue CLIENT
[2018-04-21 15:38:11] [INFO ] RadioListener:173 - Start timeout to wait response. TIMEOUT=10
[2018-04-21 15:38:11] [INFO ] RadioListener:182 - Waiting response
[2018-04-21 15:38:11] [DEBUG] CommunicationWrapper:95 - Receive message [-403124413] from queue amq.gen-tsfTjj2zYymWfZCXrp1iJA
[2018-04-21 15:38:11] [INFO ] RadioListener:108 - Receive Connection accepted
[2018-04-21 15:38:13] [DEBUG] CommunicationWrapper:95 - Receive message [995182643] from queue amq.gen-tsfTjj2zYymWfZCXrp1iJA
[2018-04-21 15:38:13] [INFO ] RadioListener:118 - Receive radio package
[2018-04-21 15:38:13] [INFO ] RadioListener:86 - Created file user1-music.mp3 to store radio packages
[2018-04-21 15:38:13] [DEBUG] RadioListener:97 - Write 192000 in user1-music.mp3
[2018-04-21 15:38:18] [DEBUG] CommunicationWrapper:95 - Receive message [-1507064230] from queue amq.gen-tsfTjj2zYymWfZCXrp1iJA
[2018-04-21 15:38:18] [INFO ] RadioListener:118 - Receive radio package
[2018-04-21 15:38:18] [DEBUG] RadioListener:97 - Write 192000 in user1-music.mp3
[2018-04-21 15:38:23] [DEBUG] CommunicationWrapper:95 - Receive message [-897946847] from queue amq.gen-tsfTjj2zYymWfZCXrp1iJA
[2018-04-21 15:38:23] [INFO ] RadioListener:118 - Receive radio package
[2018-04-21 15:38:23] [DEBUG] RadioListener:97 - Write 192000 in user1-music.mp3
[2018-04-21 15:38:28] [DEBUG] CommunicationWrapper:95 - Receive message [-689401362] from queue amq.gen-tsfTjj2zYymWfZCXrp1iJA
[2018-04-21 15:38:28] [INFO ] RadioListener:118 - Receive radio package
[2018-04-21 15:38:28] [DEBUG] RadioListener:97 - Write 192000 in user1-music.mp3
[2018-04-21 15:38:33] [DEBUG] CommunicationWrapper:95 - Receive message [-1739691146] from queue amq.gen-tsfTjj2zYymWfZCXrp1iJA
[2018-04-21 15:38:33] [INFO ] RadioListener:118 - Receive radio package
[2018-04-21 15:38:33] [DEBUG] RadioListener:97 - Write 192000 in user1-music.mp3
[2018-04-21 15:38:38] [DEBUG] CommunicationWrapper:95 - Receive message [1203903117] from queue amq.gen-tsfTjj2zYymWfZCXrp1iJA
[2018-04-21 15:38:38] [INFO ] RadioListener:118 - Receive radio package
[2018-04-21 15:38:38] [DEBUG] RadioListener:97 - Write 192000 in user1-music.mp3
[2018-04-21 15:38:43] [DEBUG] CommunicationWrapper:95 - Receive message [-1925403735] from queue amq.gen-tsfTjj2zYymWfZCXrp1iJA
[2018-04-21 15:38:43] [INFO ] RadioListener:118 - Receive radio package
[2018-04-21 15:38:43] [DEBUG] RadioListener:97 - Write 192000 in user1-music.mp3
[2018-04-21 15:38:48] [DEBUG] CommunicationWrapper:95 - Receive message [-1765091369] from queue amq.gen-tsfTjj2zYymWfZCXrp1iJA
[2018-04-21 15:38:48] [INFO ] RadioListener:118 - Receive radio package
[2018-04-21 15:38:48] [DEBUG] RadioListener:97 - Write 192000 in user1-music.mp3
[2018-04-21 15:38:53] [DEBUG] CommunicationWrapper:95 - Receive message [1385539042] from queue amq.gen-tsfTjj2zYymWfZCXrp1iJA
[2018-04-21 15:38:53] [INFO ] RadioListener:118 - Receive radio package
[2018-04-21 15:38:53] [DEBUG] RadioListener:97 - Write 192000 in user1-music.mp3
[2018-04-21 15:38:58] [DEBUG] CommunicationWrapper:95 - Receive message [-312769394] from queue amq.gen-tsfTjj2zYymWfZCXrp1iJA
[2018-04-21 15:38:58] [INFO ] RadioListener:118 - Receive radio package
[2018-04-21 15:38:58] [DEBUG] RadioListener:97 - Write 192000 in user1-music.mp3
[2018-04-21 15:39:03] [DEBUG] CommunicationWrapper:95 - Receive message [1087185849] from queue amq.gen-tsfTjj2zYymWfZCXrp1iJA
[2018-04-21 15:39:03] [INFO ] RadioListener:118 - Receive radio package
[2018-04-21 15:39:03] [DEBUG] RadioListener:97 - Write 192000 in user1-music.mp3
[2018-04-21 15:39:08] [DEBUG] CommunicationWrapper:95 - Receive message [494555509] from queue amq.gen-tsfTjj2zYymWfZCXrp1iJA
[2018-04-21 15:39:08] [INFO ] RadioListener:118 - Receive radio package
[2018-04-21 15:39:08] [DEBUG] RadioListener:97 - Write 192000 in user1-music.mp3
[2018-04-21 15:39:11] [INFO ] RadioListener:129 - Send keep alive to server
[2018-04-21 15:39:11] [DEBUG] CommunicationWrapper:69 - Send message [690104917] on queue CLIENT
[2018-04-21 15:39:13] [DEBUG] CommunicationWrapper:95 - Receive message [784410354] from queue amq.gen-tsfTjj2zYymWfZCXrp1iJA
[2018-04-21 15:39:13] [INFO ] RadioListener:118 - Receive radio package
[2018-04-21 15:39:13] [DEBUG] RadioListener:97 - Write 192000 in user1-music.mp3
[2018-04-21 15:39:18] [DEBUG] CommunicationWrapper:95 - Receive message [-1078603024] from queue amq.gen-tsfTjj2zYymWfZCXrp1iJA
[2018-04-21 15:39:18] [INFO ] RadioListener:118 - Receive radio package
[2018-04-21 15:39:18] [DEBUG] RadioListener:97 - Write 192000 in user1-music.mp3
[2018-04-21 15:39:24] [DEBUG] CommunicationWrapper:95 - Receive message [675843972] from queue amq.gen-tsfTjj2zYymWfZCXrp1iJA
[2018-04-21 15:39:24] [INFO ] RadioListener:118 - Receive radio package
[2018-04-21 15:39:24] [DEBUG] RadioListener:97 - Write 192000 in user1-music.mp3
[2018-04-21 15:39:29] [DEBUG] CommunicationWrapper:95 - Receive message [-1186818970] from queue amq.gen-tsfTjj2zYymWfZCXrp1iJA
[2018-04-21 15:39:29] [INFO ] RadioListener:118 - Receive radio package
[2018-04-21 15:39:29] [DEBUG] RadioListener:97 - Write 192000 in user1-music.mp3
[2018-04-21 15:39:34] [DEBUG] CommunicationWrapper:95 - Receive message [1993443288] from queue amq.gen-tsfTjj2zYymWfZCXrp1iJA
[2018-04-21 15:39:34] [INFO ] RadioListener:118 - Receive radio package
[2018-04-21 15:39:34] [DEBUG] RadioListener:97 - Write 192000 in user1-music.mp3
[2018-04-21 15:39:39] [DEBUG] CommunicationWrapper:95 - Receive message [1470887121] from queue amq.gen-tsfTjj2zYymWfZCXrp1iJA
[2018-04-21 15:39:39] [INFO ] RadioListener:118 - Receive radio package
[2018-04-21 15:39:39] [DEBUG] RadioListener:97 - Write 192000 in user1-music.mp3
[2018-04-21 15:39:44] [DEBUG] CommunicationWrapper:95 - Receive message [1886328069] from queue amq.gen-tsfTjj2zYymWfZCXrp1iJA
[2018-04-21 15:39:44] [INFO ] RadioListener:118 - Receive radio package
[2018-04-21 15:39:44] [DEBUG] RadioListener:97 - Write 192000 in user1-music.mp3
[2018-04-21 15:39:49] [DEBUG] CommunicationWrapper:95 - Receive message [-1825664112] from queue amq.gen-tsfTjj2zYymWfZCXrp1iJA
[2018-04-21 15:39:49] [INFO ] RadioListener:118 - Receive radio package
[2018-04-21 15:39:49] [DEBUG] RadioListener:97 - Write 192000 in user1-music.mp3
[2018-04-21 15:39:54] [DEBUG] CommunicationWrapper:95 - Receive message [1270726047] from queue amq.gen-tsfTjj2zYymWfZCXrp1iJA
[2018-04-21 15:39:54] [INFO ] RadioListener:118 - Receive radio package
[2018-04-21 15:39:54] [DEBUG] RadioListener:97 - Write 192000 in user1-music.mp3
[2018-04-21 15:39:59] [DEBUG] CommunicationWrapper:95 - Receive message [1985585158] from queue amq.gen-tsfTjj2zYymWfZCXrp1iJA
[2018-04-21 15:39:59] [INFO ] RadioListener:118 - Receive radio package
[2018-04-21 15:39:59] [DEBUG] RadioListener:97 - Write 192000 in user1-music.mp3
[2018-04-21 15:40:01] [INFO ] Settings:19 - "radio-listener.properties" was loaded correctly
[2018-04-21 15:40:02] [INFO ] CommunicationWrapper:58 - Created queue amq.gen-_O1o5PdmWWQQXeETaUPT2A
[2018-04-21 15:40:02] [DEBUG] CommunicationWrapper:69 - Send message [-1164305985] on queue CLIENT
[2018-04-21 15:40:02] [INFO ] RadioListener:173 - Start timeout to wait response. TIMEOUT=10
[2018-04-21 15:40:02] [INFO ] RadioListener:182 - Waiting response
[2018-04-21 15:40:02] [DEBUG] CommunicationWrapper:95 - Receive message [-403124413] from queue amq.gen-_O1o5PdmWWQQXeETaUPT2A
[2018-04-21 15:40:02] [INFO ] RadioListener:108 - Receive Connection accepted
[2018-04-21 15:40:04] [DEBUG] CommunicationWrapper:95 - Receive message [-1541672116] from queue amq.gen-tsfTjj2zYymWfZCXrp1iJA
[2018-04-21 15:40:04] [INFO ] RadioListener:118 - Receive radio package
[2018-04-21 15:40:04] [DEBUG] RadioListener:97 - Write 192000 in user1-music.mp3
[2018-04-21 15:40:04] [DEBUG] CommunicationWrapper:95 - Receive message [-1541672116] from queue amq.gen-_O1o5PdmWWQQXeETaUPT2A
[2018-04-21 15:40:04] [INFO ] RadioListener:118 - Receive radio package
[2018-04-21 15:40:04] [INFO ] RadioListener:86 - Created file user1-music-1.mp3 to store radio packages
[2018-04-21 15:40:04] [DEBUG] RadioListener:97 - Write 192000 in user1-music-1.mp3
[2018-04-21 15:40:09] [DEBUG] CommunicationWrapper:95 - Receive message [651240880] from queue amq.gen-tsfTjj2zYymWfZCXrp1iJA
[2018-04-21 15:40:09] [INFO ] RadioListener:118 - Receive radio package
[2018-04-21 15:40:09] [DEBUG] RadioListener:97 - Write 192000 in user1-music.mp3
[2018-04-21 15:40:09] [DEBUG] CommunicationWrapper:95 - Receive message [651240880] from queue amq.gen-_O1o5PdmWWQQXeETaUPT2A
[2018-04-21 15:40:09] [INFO ] RadioListener:118 - Receive radio package
[2018-04-21 15:40:09] [DEBUG] RadioListener:97 - Write 192000 in user1-music-1.mp3
[2018-04-21 15:40:11] [INFO ] RadioListener:129 - Send keep alive to server
[2018-04-21 15:40:11] [DEBUG] CommunicationWrapper:69 - Send message [690104917] on queue CLIENT
[2018-04-21 15:40:14] [DEBUG] CommunicationWrapper:95 - Receive message [849694218] from queue amq.gen-tsfTjj2zYymWfZCXrp1iJA
[2018-04-21 15:40:14] [INFO ] RadioListener:118 - Receive radio package
[2018-04-21 15:40:14] [DEBUG] RadioListener:97 - Write 192000 in user1-music.mp3
[2018-04-21 15:40:14] [DEBUG] CommunicationWrapper:95 - Receive message [849694218] from queue amq.gen-_O1o5PdmWWQQXeETaUPT2A
[2018-04-21 15:40:14] [INFO ] RadioListener:118 - Receive radio package
[2018-04-21 15:40:14] [DEBUG] RadioListener:97 - Write 192000 in user1-music-1.mp3
[2018-04-21 15:40:19] [DEBUG] CommunicationWrapper:95 - Receive message [-1803565631] from queue amq.gen-tsfTjj2zYymWfZCXrp1iJA
[2018-04-21 15:40:19] [INFO ] RadioListener:118 - Receive radio package
[2018-04-21 15:40:19] [DEBUG] RadioListener:97 - Write 192000 in user1-music.mp3
[2018-04-21 15:40:19] [DEBUG] CommunicationWrapper:95 - Receive message [-1803565631] from queue amq.gen-_O1o5PdmWWQQXeETaUPT2A
[2018-04-21 15:40:19] [INFO ] RadioListener:118 - Receive radio package
[2018-04-21 15:40:19] [DEBUG] RadioListener:97 - Write 192000 in user1-music-1.mp3
[2018-04-21 15:40:24] [DEBUG] CommunicationWrapper:95 - Receive message [17768260] from queue amq.gen-tsfTjj2zYymWfZCXrp1iJA
[2018-04-21 15:40:24] [INFO ] RadioListener:118 - Receive radio package
[2018-04-21 15:40:24] [DEBUG] RadioListener:97 - Write 192000 in user1-music.mp3
[2018-04-21 15:40:24] [DEBUG] CommunicationWrapper:95 - Receive message [17768260] from queue amq.gen-_O1o5PdmWWQQXeETaUPT2A
[2018-04-21 15:40:24] [INFO ] RadioListener:118 - Receive radio package
[2018-04-21 15:40:24] [DEBUG] RadioListener:97 - Write 192000 in user1-music-1.mp3
[2018-04-21 15:40:29] [DEBUG] CommunicationWrapper:95 - Receive message [-169747032] from queue amq.gen-_O1o5PdmWWQQXeETaUPT2A
[2018-04-21 15:40:29] [DEBUG] CommunicationWrapper:95 - Receive message [-169747032] from queue amq.gen-tsfTjj2zYymWfZCXrp1iJA
[2018-04-21 15:40:29] [INFO ] RadioListener:118 - Receive radio package
[2018-04-21 15:40:29] [DEBUG] RadioListener:97 - Write 192000 in user1-music.mp3
[2018-04-21 15:40:29] [INFO ] RadioListener:118 - Receive radio package
[2018-04-21 15:40:29] [DEBUG] RadioListener:97 - Write 192000 in user1-music-1.mp3
[2018-04-21 15:40:34] [DEBUG] CommunicationWrapper:95 - Receive message [-2097508871] from queue amq.gen-tsfTjj2zYymWfZCXrp1iJA
[2018-04-21 15:40:34] [INFO ] RadioListener:118 - Receive radio package
[2018-04-21 15:40:34] [DEBUG] RadioListener:97 - Write 192000 in user1-music.mp3
[2018-04-21 15:40:34] [DEBUG] CommunicationWrapper:95 - Receive message [-2097508871] from queue amq.gen-_O1o5PdmWWQQXeETaUPT2A
[2018-04-21 15:40:34] [INFO ] RadioListener:118 - Receive radio package
[2018-04-21 15:40:34] [DEBUG] RadioListener:97 - Write 192000 in user1-music-1.mp3
[2018-04-21 15:40:39] [DEBUG] CommunicationWrapper:95 - Receive message [1715076879] from queue amq.gen-tsfTjj2zYymWfZCXrp1iJA
[2018-04-21 15:40:39] [INFO ] RadioListener:118 - Receive radio package
[2018-04-21 15:40:39] [DEBUG] RadioListener:97 - Write 192000 in user1-music.mp3
[2018-04-21 15:40:39] [DEBUG] CommunicationWrapper:95 - Receive message [1715076879] from queue amq.gen-_O1o5PdmWWQQXeETaUPT2A
[2018-04-21 15:40:39] [INFO ] RadioListener:118 - Receive radio package
[2018-04-21 15:40:39] [DEBUG] RadioListener:97 - Write 192000 in user1-music-1.mp3
[2018-04-21 15:40:44] [DEBUG] CommunicationWrapper:95 - Receive message [1755938304] from queue amq.gen-tsfTjj2zYymWfZCXrp1iJA
[2018-04-21 15:40:44] [INFO ] RadioListener:118 - Receive radio package
[2018-04-21 15:40:44] [DEBUG] CommunicationWrapper:95 - Receive message [1755938304] from queue amq.gen-_O1o5PdmWWQQXeETaUPT2A
[2018-04-21 15:40:44] [INFO ] RadioListener:118 - Receive radio package
[2018-04-21 15:40:44] [DEBUG] RadioListener:97 - Write 192000 in user1-music.mp3
[2018-04-21 15:40:44] [DEBUG] RadioListener:97 - Write 192000 in user1-music-1.mp3
[2018-04-21 15:40:49] [DEBUG] CommunicationWrapper:95 - Receive message [1529760063] from queue amq.gen-tsfTjj2zYymWfZCXrp1iJA
[2018-04-21 15:40:49] [INFO ] RadioListener:118 - Receive radio package
[2018-04-21 15:40:49] [DEBUG] RadioListener:97 - Write 192000 in user1-music.mp3
[2018-04-21 15:40:49] [DEBUG] CommunicationWrapper:95 - Receive message [1529760063] from queue amq.gen-_O1o5PdmWWQQXeETaUPT2A
[2018-04-21 15:40:49] [INFO ] RadioListener:118 - Receive radio package
[2018-04-21 15:40:49] [DEBUG] RadioListener:97 - Write 192000 in user1-music-1.mp3
[2018-04-21 15:40:54] [DEBUG] CommunicationWrapper:95 - Receive message [1160785475] from queue amq.gen-tsfTjj2zYymWfZCXrp1iJA
[2018-04-21 15:40:54] [INFO ] RadioListener:118 - Receive radio package
[2018-04-21 15:40:54] [DEBUG] CommunicationWrapper:95 - Receive message [1160785475] from queue amq.gen-_O1o5PdmWWQQXeETaUPT2A
[2018-04-21 15:40:54] [INFO ] RadioListener:118 - Receive radio package
[2018-04-21 15:40:54] [DEBUG] RadioListener:97 - Write 192000 in user1-music-1.mp3
[2018-04-21 15:40:54] [DEBUG] RadioListener:97 - Write 192000 in user1-music.mp3
[2018-04-21 15:40:59] [DEBUG] CommunicationWrapper:95 - Receive message [-1423369008] from queue amq.gen-tsfTjj2zYymWfZCXrp1iJA
[2018-04-21 15:40:59] [INFO ] RadioListener:118 - Receive radio package
[2018-04-21 15:40:59] [DEBUG] RadioListener:97 - Write 192000 in user1-music.mp3
[2018-04-21 15:40:59] [DEBUG] CommunicationWrapper:95 - Receive message [-1423369008] from queue amq.gen-_O1o5PdmWWQQXeETaUPT2A
[2018-04-21 15:40:59] [INFO ] RadioListener:118 - Receive radio package
[2018-04-21 15:40:59] [DEBUG] RadioListener:97 - Write 192000 in user1-music-1.mp3
[2018-04-21 15:41:02] [INFO ] RadioListener:129 - Send keep alive to server
[2018-04-21 15:41:02] [DEBUG] CommunicationWrapper:69 - Send message [690104917] on queue CLIENT
[2018-04-21 15:41:04] [DEBUG] CommunicationWrapper:95 - Receive message [1359345051] from queue amq.gen-tsfTjj2zYymWfZCXrp1iJA
[2018-04-21 15:41:04] [INFO ] RadioListener:118 - Receive radio package
[2018-04-21 15:41:04] [DEBUG] RadioListener:97 - Write 192000 in user1-music.mp3
[2018-04-21 15:41:04] [DEBUG] CommunicationWrapper:95 - Receive message [1359345051] from queue amq.gen-_O1o5PdmWWQQXeETaUPT2A
[2018-04-21 15:41:04] [INFO ] RadioListener:118 - Receive radio package
[2018-04-21 15:41:04] [DEBUG] RadioListener:97 - Write 192000 in user1-music-1.mp3
[2018-04-21 15:41:09] [DEBUG] CommunicationWrapper:95 - Receive message [883539255] from queue amq.gen-tsfTjj2zYymWfZCXrp1iJA
[2018-04-21 15:41:09] [INFO ] RadioListener:118 - Receive radio package
[2018-04-21 15:41:09] [DEBUG] CommunicationWrapper:95 - Receive message [883539255] from queue amq.gen-_O1o5PdmWWQQXeETaUPT2A
[2018-04-21 15:41:09] [INFO ] RadioListener:118 - Receive radio package
[2018-04-21 15:41:09] [DEBUG] RadioListener:97 - Write 192000 in user1-music.mp3
[2018-04-21 15:41:09] [DEBUG] RadioListener:97 - Write 192000 in user1-music-1.mp3
[2018-04-21 15:41:11] [INFO ] RadioListener:129 - Send keep alive to server
[2018-04-21 15:41:11] [DEBUG] CommunicationWrapper:69 - Send message [690104917] on queue CLIENT
[2018-04-21 15:41:14] [DEBUG] CommunicationWrapper:95 - Receive message [-195046238] from queue amq.gen-tsfTjj2zYymWfZCXrp1iJA
[2018-04-21 15:41:14] [INFO ] RadioListener:118 - Receive radio package
[2018-04-21 15:41:14] [DEBUG] RadioListener:97 - Write 192000 in user1-music.mp3
[2018-04-21 15:41:14] [DEBUG] CommunicationWrapper:95 - Receive message [-195046238] from queue amq.gen-_O1o5PdmWWQQXeETaUPT2A
[2018-04-21 15:41:14] [INFO ] RadioListener:118 - Receive radio package
[2018-04-21 15:41:14] [DEBUG] RadioListener:97 - Write 192000 in user1-music-1.mp3
[2018-04-21 15:41:19] [DEBUG] CommunicationWrapper:95 - Receive message [-872242116] from queue amq.gen-tsfTjj2zYymWfZCXrp1iJA
[2018-04-21 15:41:19] [INFO ] RadioListener:118 - Receive radio package
[2018-04-21 15:41:19] [DEBUG] CommunicationWrapper:95 - Receive message [-872242116] from queue amq.gen-_O1o5PdmWWQQXeETaUPT2A
[2018-04-21 15:41:19] [INFO ] RadioListener:118 - Receive radio package
[2018-04-21 15:41:19] [DEBUG] RadioListener:97 - Write 192000 in user1-music.mp3
[2018-04-21 15:41:19] [DEBUG] RadioListener:97 - Write 192000 in user1-music-1.mp3
[2018-04-21 15:41:24] [DEBUG] CommunicationWrapper:95 - Receive message [136181624] from queue amq.gen-tsfTjj2zYymWfZCXrp1iJA
[2018-04-21 15:41:24] [INFO ] RadioListener:118 - Receive radio package
[2018-04-21 15:41:24] [DEBUG] RadioListener:97 - Write 192000 in user1-music.mp3
[2018-04-21 15:41:24] [DEBUG] CommunicationWrapper:95 - Receive message [136181624] from queue amq.gen-_O1o5PdmWWQQXeETaUPT2A
[2018-04-21 15:41:24] [INFO ] RadioListener:118 - Receive radio package
[2018-04-21 15:41:24] [DEBUG] RadioListener:97 - Write 192000 in user1-music-1.mp3
[2018-04-21 15:41:29] [DEBUG] CommunicationWrapper:95 - Receive message [54681324] from queue amq.gen-tsfTjj2zYymWfZCXrp1iJA
[2018-04-21 15:41:29] [INFO ] RadioListener:118 - Receive radio package
[2018-04-21 15:41:29] [DEBUG] RadioListener:97 - Write 192000 in user1-music.mp3
[2018-04-21 15:41:29] [DEBUG] CommunicationWrapper:95 - Receive message [54681324] from queue amq.gen-_O1o5PdmWWQQXeETaUPT2A
[2018-04-21 15:41:29] [INFO ] RadioListener:118 - Receive radio package
[2018-04-21 15:41:29] [DEBUG] RadioListener:97 - Write 192000 in user1-music-1.mp3
[2018-04-21 15:41:34] [DEBUG] CommunicationWrapper:95 - Receive message [-2029900707] from queue amq.gen-tsfTjj2zYymWfZCXrp1iJA
[2018-04-21 15:41:34] [INFO ] RadioListener:118 - Receive radio package
[2018-04-21 15:41:34] [DEBUG] CommunicationWrapper:95 - Receive message [-2029900707] from queue amq.gen-_O1o5PdmWWQQXeETaUPT2A
[2018-04-21 15:41:34] [INFO ] RadioListener:118 - Receive radio package
[2018-04-21 15:41:34] [DEBUG] RadioListener:97 - Write 192000 in user1-music.mp3
[2018-04-21 15:41:34] [DEBUG] RadioListener:97 - Write 192000 in user1-music-1.mp3
[2018-04-21 15:41:39] [DEBUG] CommunicationWrapper:95 - Receive message [233136632] from queue amq.gen-_O1o5PdmWWQQXeETaUPT2A
[2018-04-21 15:41:39] [INFO ] RadioListener:118 - Receive radio package
[2018-04-21 15:41:39] [DEBUG] CommunicationWrapper:95 - Receive message [233136632] from queue amq.gen-tsfTjj2zYymWfZCXrp1iJA
[2018-04-21 15:41:39] [INFO ] RadioListener:118 - Receive radio package
[2018-04-21 15:41:39] [DEBUG] RadioListener:97 - Write 192000 in user1-music-1.mp3
[2018-04-21 15:41:39] [DEBUG] RadioListener:97 - Write 192000 in user1-music.mp3
[2018-04-21 15:41:44] [DEBUG] CommunicationWrapper:95 - Receive message [-222553049] from queue amq.gen-tsfTjj2zYymWfZCXrp1iJA
[2018-04-21 15:41:44] [INFO ] RadioListener:118 - Receive radio package
[2018-04-21 15:41:44] [DEBUG] RadioListener:97 - Write 192000 in user1-music.mp3
[2018-04-21 15:41:44] [DEBUG] CommunicationWrapper:95 - Receive message [-222553049] from queue amq.gen-_O1o5PdmWWQQXeETaUPT2A
[2018-04-21 15:41:44] [INFO ] RadioListener:118 - Receive radio package
[2018-04-21 15:41:44] [DEBUG] RadioListener:97 - Write 192000 in user1-music-1.mp3
[2018-04-21 15:41:49] [DEBUG] CommunicationWrapper:95 - Receive message [277948927] from queue amq.gen-_O1o5PdmWWQQXeETaUPT2A
[2018-04-21 15:41:49] [DEBUG] CommunicationWrapper:95 - Receive message [277948927] from queue amq.gen-tsfTjj2zYymWfZCXrp1iJA
[2018-04-21 15:41:49] [INFO ] RadioListener:118 - Receive radio package
[2018-04-21 15:41:49] [INFO ] RadioListener:118 - Receive radio package
[2018-04-21 15:41:49] [DEBUG] RadioListener:97 - Write 192000 in user1-music-1.mp3
[2018-04-21 15:41:49] [DEBUG] RadioListener:97 - Write 192000 in user1-music.mp3
[2018-04-21 15:41:54] [DEBUG] CommunicationWrapper:95 - Receive message [946959904] from queue amq.gen-tsfTjj2zYymWfZCXrp1iJA
[2018-04-21 15:41:54] [INFO ] RadioListener:118 - Receive radio package
[2018-04-21 15:41:54] [DEBUG] RadioListener:97 - Write 192000 in user1-music.mp3
[2018-04-21 15:41:54] [DEBUG] CommunicationWrapper:95 - Receive message [946959904] from queue amq.gen-_O1o5PdmWWQQXeETaUPT2A
[2018-04-21 15:41:54] [INFO ] RadioListener:118 - Receive radio package
[2018-04-21 15:41:54] [DEBUG] RadioListener:97 - Write 192000 in user1-music-1.mp3
[2018-04-21 15:41:59] [DEBUG] CommunicationWrapper:95 - Receive message [209703783] from queue amq.gen-_O1o5PdmWWQQXeETaUPT2A
[2018-04-21 15:41:59] [DEBUG] CommunicationWrapper:95 - Receive message [209703783] from queue amq.gen-tsfTjj2zYymWfZCXrp1iJA
[2018-04-21 15:41:59] [INFO ] RadioListener:118 - Receive radio package
[2018-04-21 15:41:59] [INFO ] RadioListener:118 - Receive radio package
[2018-04-21 15:41:59] [DEBUG] RadioListener:97 - Write 192000 in user1-music.mp3
[2018-04-21 15:41:59] [DEBUG] RadioListener:97 - Write 192000 in user1-music-1.mp3
[2018-04-21 15:42:02] [INFO ] RadioListener:129 - Send keep alive to server
[2018-04-21 15:42:02] [DEBUG] CommunicationWrapper:69 - Send message [690104917] on queue CLIENT
[2018-04-21 15:42:04] [DEBUG] CommunicationWrapper:95 - Receive message [651269309] from queue amq.gen-tsfTjj2zYymWfZCXrp1iJA
[2018-04-21 15:42:04] [INFO ] RadioListener:118 - Receive radio package
[2018-04-21 15:42:04] [DEBUG] CommunicationWrapper:95 - Receive message [651269309] from queue amq.gen-_O1o5PdmWWQQXeETaUPT2A
[2018-04-21 15:42:04] [INFO ] RadioListener:118 - Receive radio package
[2018-04-21 15:42:04] [DEBUG] RadioListener:97 - Write 192000 in user1-music.mp3
[2018-04-21 15:42:04] [DEBUG] RadioListener:97 - Write 192000 in user1-music-1.mp3
[2018-04-21 15:42:09] [DEBUG] CommunicationWrapper:95 - Receive message [-6874673] from queue amq.gen-tsfTjj2zYymWfZCXrp1iJA
[2018-04-21 15:42:09] [INFO ] RadioListener:118 - Receive radio package
[2018-04-21 15:42:09] [DEBUG] RadioListener:97 - Write 192000 in user1-music.mp3
[2018-04-21 15:42:09] [DEBUG] CommunicationWrapper:95 - Receive message [-6874673] from queue amq.gen-_O1o5PdmWWQQXeETaUPT2A
[2018-04-21 15:42:09] [INFO ] RadioListener:118 - Receive radio package
[2018-04-21 15:42:09] [DEBUG] RadioListener:97 - Write 192000 in user1-music-1.mp3
[2018-04-21 15:42:11] [INFO ] RadioListener:129 - Send keep alive to server
[2018-04-21 15:42:11] [DEBUG] CommunicationWrapper:69 - Send message [690104917] on queue CLIENT
[2018-04-21 15:42:14] [DEBUG] CommunicationWrapper:95 - Receive message [-946074210] from queue amq.gen-tsfTjj2zYymWfZCXrp1iJA
[2018-04-21 15:42:14] [INFO ] RadioListener:118 - Receive radio package
[2018-04-21 15:42:14] [DEBUG] RadioListener:97 - Write 192000 in user1-music.mp3
[2018-04-21 15:42:14] [DEBUG] CommunicationWrapper:95 - Receive message [-946074210] from queue amq.gen-_O1o5PdmWWQQXeETaUPT2A
[2018-04-21 15:42:14] [INFO ] RadioListener:118 - Receive radio package
[2018-04-21 15:42:14] [DEBUG] RadioListener:97 - Write 192000 in user1-music-1.mp3
[2018-04-21 15:42:19] [DEBUG] CommunicationWrapper:95 - Receive message [73488335] from queue amq.gen-tsfTjj2zYymWfZCXrp1iJA
[2018-04-21 15:42:19] [INFO ] RadioListener:118 - Receive radio package
[2018-04-21 15:42:19] [DEBUG] CommunicationWrapper:95 - Receive message [73488335] from queue amq.gen-_O1o5PdmWWQQXeETaUPT2A
[2018-04-21 15:42:19] [INFO ] RadioListener:118 - Receive radio package
[2018-04-21 15:42:19] [DEBUG] RadioListener:97 - Write 192000 in user1-music.mp3
[2018-04-21 15:42:19] [DEBUG] RadioListener:97 - Write 192000 in user1-music-1.mp3
[2018-04-21 15:42:24] [DEBUG] CommunicationWrapper:95 - Receive message [2134654001] from queue amq.gen-tsfTjj2zYymWfZCXrp1iJA
[2018-04-21 15:42:24] [INFO ] RadioListener:118 - Receive radio package
[2018-04-21 15:42:24] [DEBUG] RadioListener:97 - Write 192000 in user1-music.mp3
[2018-04-21 15:42:24] [DEBUG] CommunicationWrapper:95 - Receive message [2134654001] from queue amq.gen-_O1o5PdmWWQQXeETaUPT2A
[2018-04-21 15:42:24] [INFO ] RadioListener:118 - Receive radio package
[2018-04-21 15:42:24] [DEBUG] RadioListener:97 - Write 192000 in user1-music-1.mp3
[2018-04-21 15:42:29] [DEBUG] CommunicationWrapper:95 - Receive message [-263373119] from queue amq.gen-tsfTjj2zYymWfZCXrp1iJA
[2018-04-21 15:42:29] [INFO ] RadioListener:118 - Receive radio package
[2018-04-21 15:42:29] [DEBUG] RadioListener:97 - Write 192000 in user1-music.mp3
[2018-04-21 15:42:29] [DEBUG] CommunicationWrapper:95 - Receive message [-263373119] from queue amq.gen-_O1o5PdmWWQQXeETaUPT2A
[2018-04-21 15:42:29] [INFO ] RadioListener:118 - Receive radio package
[2018-04-21 15:42:29] [DEBUG] RadioListener:97 - Write 192000 in user1-music-1.mp3
[2018-04-21 15:42:34] [DEBUG] CommunicationWrapper:95 - Receive message [85308207] from queue amq.gen-tsfTjj2zYymWfZCXrp1iJA
[2018-04-21 15:42:34] [INFO ] RadioListener:118 - Receive radio package
[2018-04-21 15:42:34] [DEBUG] RadioListener:97 - Write 192000 in user1-music.mp3
[2018-04-21 15:42:34] [DEBUG] CommunicationWrapper:95 - Receive message [85308207] from queue amq.gen-_O1o5PdmWWQQXeETaUPT2A
[2018-04-21 15:42:34] [INFO ] RadioListener:118 - Receive radio package
[2018-04-21 15:42:34] [DEBUG] RadioListener:97 - Write 192000 in user1-music-1.mp3
[2018-04-21 15:42:39] [DEBUG] CommunicationWrapper:95 - Receive message [1327573849] from queue amq.gen-tsfTjj2zYymWfZCXrp1iJA
[2018-04-21 15:42:39] [INFO ] RadioListener:118 - Receive radio package
[2018-04-21 15:42:39] [DEBUG] CommunicationWrapper:95 - Receive message [1327573849] from queue amq.gen-_O1o5PdmWWQQXeETaUPT2A
[2018-04-21 15:42:39] [INFO ] RadioListener:118 - Receive radio package
[2018-04-21 15:42:39] [DEBUG] RadioListener:97 - Write 192000 in user1-music.mp3
[2018-04-21 15:42:39] [DEBUG] RadioListener:97 - Write 192000 in user1-music-1.mp3
[2018-04-21 15:42:44] [DEBUG] CommunicationWrapper:95 - Receive message [431103563] from queue amq.gen-_O1o5PdmWWQQXeETaUPT2A
[2018-04-21 15:42:44] [INFO ] RadioListener:118 - Receive radio package
[2018-04-21 15:42:44] [DEBUG] CommunicationWrapper:95 - Receive message [431103563] from queue amq.gen-tsfTjj2zYymWfZCXrp1iJA
[2018-04-21 15:42:44] [INFO ] RadioListener:118 - Receive radio package
[2018-04-21 15:42:44] [DEBUG] RadioListener:97 - Write 192000 in user1-music.mp3
[2018-04-21 15:42:44] [DEBUG] RadioListener:97 - Write 192000 in user1-music-1.mp3
[2018-04-21 15:42:49] [DEBUG] CommunicationWrapper:95 - Receive message [919493904] from queue amq.gen-tsfTjj2zYymWfZCXrp1iJA
[2018-04-21 15:42:49] [INFO ] RadioListener:118 - Receive radio package
[2018-04-21 15:42:49] [DEBUG] CommunicationWrapper:95 - Receive message [919493904] from queue amq.gen-_O1o5PdmWWQQXeETaUPT2A
[2018-04-21 15:42:49] [INFO ] RadioListener:118 - Receive radio package
[2018-04-21 15:42:49] [DEBUG] RadioListener:97 - Write 192000 in user1-music.mp3
[2018-04-21 15:42:49] [DEBUG] RadioListener:97 - Write 192000 in user1-music-1.mp3
[2018-04-21 15:42:52] [INFO ] RadioListener:255 - SIGINT detected. Closing connection
[2018-04-21 15:42:52] [INFO ] RadioListener:148 - Stop Radio Listener
[2018-04-21 15:42:52] [DEBUG] CommunicationWrapper:69 - Send message [-1381465659] on queue CLIENT
[2018-04-21 15:42:52] [INFO ] CommunicationWrapper:124 - Deleted queue amq.gen-_O1o5PdmWWQQXeETaUPT2A
[2018-04-21 15:42:52] [INFO ] RadioListener:165 - Exit
[2018-04-21 15:42:52] [INFO ] RadioListener:257 - Connection closed
[2018-04-21 15:42:54] [DEBUG] CommunicationWrapper:95 - Receive message [1722487431] from queue amq.gen-tsfTjj2zYymWfZCXrp1iJA
[2018-04-21 15:42:54] [INFO ] RadioListener:118 - Receive radio package
[2018-04-21 15:42:54] [DEBUG] RadioListener:97 - Write 192000 in user1-music.mp3
[2018-04-21 15:42:59] [DEBUG] CommunicationWrapper:95 - Receive message [-322871748] from queue amq.gen-tsfTjj2zYymWfZCXrp1iJA
[2018-04-21 15:42:59] [INFO ] RadioListener:118 - Receive radio package
[2018-04-21 15:42:59] [DEBUG] RadioListener:97 - Write 192000 in user1-music.mp3
[2018-04-21 15:43:04] [DEBUG] CommunicationWrapper:95 - Receive message [-126908201] from queue amq.gen-tsfTjj2zYymWfZCXrp1iJA
[2018-04-21 15:43:04] [INFO ] RadioListener:118 - Receive radio package
[2018-04-21 15:43:04] [DEBUG] RadioListener:97 - Write 192000 in user1-music.mp3
[2018-04-21 15:43:09] [DEBUG] CommunicationWrapper:95 - Receive message [-1748603351] from queue amq.gen-tsfTjj2zYymWfZCXrp1iJA
[2018-04-21 15:43:09] [INFO ] RadioListener:118 - Receive radio package
[2018-04-21 15:43:09] [DEBUG] RadioListener:97 - Write 192000 in user1-music.mp3
[2018-04-21 15:43:11] [INFO ] RadioListener:129 - Send keep alive to server
[2018-04-21 15:43:11] [DEBUG] CommunicationWrapper:69 - Send message [690104917] on queue CLIENT
[2018-04-21 15:43:14] [DEBUG] CommunicationWrapper:95 - Receive message [-1902360064] from queue amq.gen-tsfTjj2zYymWfZCXrp1iJA
[2018-04-21 15:43:14] [INFO ] RadioListener:118 - Receive radio package
[2018-04-21 15:43:14] [DEBUG] RadioListener:97 - Write 192000 in user1-music.mp3
[2018-04-21 15:43:18] [INFO ] RadioListener:255 - SIGINT detected. Closing connection
[2018-04-21 15:43:18] [INFO ] RadioListener:148 - Stop Radio Listener
[2018-04-21 15:43:18] [DEBUG] CommunicationWrapper:69 - Send message [-1078908379] on queue CLIENT
[2018-04-21 15:43:18] [INFO ] CommunicationWrapper:124 - Deleted queue amq.gen-tsfTjj2zYymWfZCXrp1iJA
[2018-04-21 15:43:18] [INFO ] RadioListener:165 - Exit
[2018-04-21 15:43:18] [INFO ] RadioListener:257 - Connection closed
[2018-04-21 15:43:38] [INFO ] Settings:19 - "radio-listener.properties" was loaded correctly
[2018-04-21 15:43:38] [INFO ] CommunicationWrapper:58 - Created queue amq.gen-fyFojUqq7hFCjTU0Lz4z4w
[2018-04-21 15:43:38] [DEBUG] CommunicationWrapper:69 - Send message [-1203746406] on queue CLIENT
[2018-04-21 15:43:38] [INFO ] RadioListener:173 - Start timeout to wait response. TIMEOUT=10
[2018-04-21 15:43:38] [INFO ] RadioListener:182 - Waiting response
[2018-04-21 15:43:38] [DEBUG] CommunicationWrapper:95 - Receive message [-932490575] from queue amq.gen-fyFojUqq7hFCjTU0Lz4z4w
[2018-04-21 15:43:38] [INFO ] RadioListener:225 - Received response from server
[2018-04-21 15:43:54] [INFO ] RadioListener:255 - SIGINT detected. Closing connection
[2018-04-21 15:43:54] [INFO ] RadioListener:148 - Stop Radio Listener
[2018-04-21 15:43:54] [INFO ] CommunicationWrapper:124 - Deleted queue amq.gen-fyFojUqq7hFCjTU0Lz4z4w
[2018-04-21 15:43:54] [INFO ] RadioListener:165 - Exit
[2018-04-21 15:43:54] [INFO ] RadioListener:257 - Connection closed
[2018-04-21 15:45:32] [INFO ] Settings:19 - "radio-listener.properties" was loaded correctly
[2018-04-21 15:45:32] [INFO ] CommunicationWrapper:58 - Created queue amq.gen-W5hxaPDslhG3c_v7hIBZSQ
[2018-04-21 15:45:32] [DEBUG] CommunicationWrapper:69 - Send message [-2024355981] on queue CLIENT
[2018-04-21 15:45:32] [INFO ] RadioListener:173 - Start timeout to wait response. TIMEOUT=10
[2018-04-21 15:45:32] [INFO ] RadioListener:182 - Waiting response
[2018-04-21 15:45:32] [DEBUG] CommunicationWrapper:95 - Receive message [-403124413] from queue amq.gen-W5hxaPDslhG3c_v7hIBZSQ
[2018-04-21 15:45:32] [INFO ] RadioListener:108 - Receive Connection accepted
[2018-04-21 15:45:34] [DEBUG] CommunicationWrapper:95 - Receive message [-1775586957] from queue amq.gen-W5hxaPDslhG3c_v7hIBZSQ
[2018-04-21 15:45:34] [INFO ] RadioListener:118 - Receive radio package
[2018-04-21 15:45:34] [INFO ] RadioListener:86 - Created file user2-music.mp3 to store radio packages
[2018-04-21 15:45:35] [DEBUG] RadioListener:97 - Write 192000 in user2-music.mp3
[2018-04-21 15:45:39] [DEBUG] CommunicationWrapper:95 - Receive message [1408490835] from queue amq.gen-W5hxaPDslhG3c_v7hIBZSQ
[2018-04-21 15:45:39] [INFO ] RadioListener:118 - Receive radio package
[2018-04-21 15:45:39] [DEBUG] RadioListener:97 - Write 192000 in user2-music.mp3
[2018-04-21 15:45:44] [DEBUG] CommunicationWrapper:95 - Receive message [-2066113769] from queue amq.gen-W5hxaPDslhG3c_v7hIBZSQ
[2018-04-21 15:45:44] [INFO ] RadioListener:118 - Receive radio package
[2018-04-21 15:45:45] [DEBUG] RadioListener:97 - Write 192000 in user2-music.mp3
[2018-04-21 15:45:50] [DEBUG] CommunicationWrapper:95 - Receive message [-1716826711] from queue amq.gen-W5hxaPDslhG3c_v7hIBZSQ
[2018-04-21 15:45:50] [INFO ] RadioListener:118 - Receive radio package
[2018-04-21 15:45:50] [DEBUG] RadioListener:97 - Write 192000 in user2-music.mp3
[2018-04-21 15:45:55] [DEBUG] CommunicationWrapper:95 - Receive message [1872811134] from queue amq.gen-W5hxaPDslhG3c_v7hIBZSQ
[2018-04-21 15:45:55] [INFO ] RadioListener:118 - Receive radio package
[2018-04-21 15:45:55] [DEBUG] RadioListener:97 - Write 192000 in user2-music.mp3
[2018-04-21 15:46:00] [DEBUG] CommunicationWrapper:95 - Receive message [-1256357845] from queue amq.gen-W5hxaPDslhG3c_v7hIBZSQ
[2018-04-21 15:46:00] [INFO ] RadioListener:118 - Receive radio package
[2018-04-21 15:46:00] [DEBUG] RadioListener:97 - Write 192000 in user2-music.mp3
[2018-04-21 15:46:05] [DEBUG] CommunicationWrapper:95 - Receive message [-2104924516] from queue amq.gen-W5hxaPDslhG3c_v7hIBZSQ
[2018-04-21 15:46:05] [INFO ] RadioListener:118 - Receive radio package
[2018-04-21 15:46:05] [DEBUG] RadioListener:97 - Write 192000 in user2-music.mp3
[2018-04-21 15:46:10] [DEBUG] CommunicationWrapper:95 - Receive message [1863600233] from queue amq.gen-W5hxaPDslhG3c_v7hIBZSQ
[2018-04-21 15:46:10] [INFO ] RadioListener:118 - Receive radio package
[2018-04-21 15:46:10] [DEBUG] RadioListener:97 - Write 192000 in user2-music.mp3
[2018-04-21 15:46:15] [DEBUG] CommunicationWrapper:95 - Receive message [-1551083038] from queue amq.gen-W5hxaPDslhG3c_v7hIBZSQ
[2018-04-21 15:46:15] [INFO ] RadioListener:118 - Receive radio package
[2018-04-21 15:46:15] [DEBUG] RadioListener:97 - Write 192000 in user2-music.mp3
[2018-04-21 15:46:20] [DEBUG] CommunicationWrapper:95 - Receive message [-1146147292] from queue amq.gen-W5hxaPDslhG3c_v7hIBZSQ
[2018-04-21 15:46:20] [INFO ] RadioListener:118 - Receive radio package
[2018-04-21 15:46:20] [DEBUG] RadioListener:97 - Write 192000 in user2-music.mp3
[2018-04-21 15:46:25] [DEBUG] CommunicationWrapper:95 - Receive message [-1146533529] from queue amq.gen-W5hxaPDslhG3c_v7hIBZSQ
[2018-04-21 15:46:25] [INFO ] RadioListener:118 - Receive radio package
[2018-04-21 15:46:25] [DEBUG] RadioListener:97 - Write 192000 in user2-music.mp3
[2018-04-21 15:46:30] [DEBUG] CommunicationWrapper:95 - Receive message [-2027939055] from queue amq.gen-W5hxaPDslhG3c_v7hIBZSQ
[2018-04-21 15:46:30] [INFO ] RadioListener:118 - Receive radio package
[2018-04-21 15:46:30] [DEBUG] RadioListener:97 - Write 192000 in user2-music.mp3
[2018-04-21 15:46:32] [INFO ] RadioListener:129 - Send keep alive to server
[2018-04-21 15:46:32] [DEBUG] CommunicationWrapper:69 - Send message [690105878] on queue CLIENT
[2018-04-21 15:46:35] [DEBUG] CommunicationWrapper:95 - Receive message [-2119890023] from queue amq.gen-W5hxaPDslhG3c_v7hIBZSQ
[2018-04-21 15:46:35] [INFO ] RadioListener:118 - Receive radio package
[2018-04-21 15:46:35] [DEBUG] RadioListener:97 - Write 192000 in user2-music.mp3
[2018-04-21 15:46:40] [DEBUG] CommunicationWrapper:95 - Receive message [2136545352] from queue amq.gen-W5hxaPDslhG3c_v7hIBZSQ
[2018-04-21 15:46:40] [INFO ] RadioListener:118 - Receive radio package
[2018-04-21 15:46:40] [DEBUG] RadioListener:97 - Write 192000 in user2-music.mp3
[2018-04-21 15:46:45] [DEBUG] CommunicationWrapper:95 - Receive message [2134610246] from queue amq.gen-W5hxaPDslhG3c_v7hIBZSQ
[2018-04-21 15:46:45] [INFO ] RadioListener:118 - Receive radio package
[2018-04-21 15:46:45] [DEBUG] RadioListener:97 - Write 192000 in user2-music.mp3
[2018-04-21 15:46:50] [DEBUG] CommunicationWrapper:95 - Receive message [1372907527] from queue amq.gen-W5hxaPDslhG3c_v7hIBZSQ
[2018-04-21 15:46:50] [INFO ] RadioListener:118 - Receive radio package
[2018-04-21 15:46:50] [DEBUG] RadioListener:97 - Write 192000 in user2-music.mp3
[2018-04-21 15:46:55] [DEBUG] CommunicationWrapper:95 - Receive message [-1623504648] from queue amq.gen-W5hxaPDslhG3c_v7hIBZSQ
[2018-04-21 15:46:55] [INFO ] RadioListener:118 - Receive radio package
[2018-04-21 15:46:55] [DEBUG] RadioListener:97 - Write 192000 in user2-music.mp3
[2018-04-21 15:47:00] [DEBUG] CommunicationWrapper:95 - Receive message [-393947405] from queue amq.gen-W5hxaPDslhG3c_v7hIBZSQ
[2018-04-21 15:47:00] [INFO ] RadioListener:118 - Receive radio package
[2018-04-21 15:47:00] [DEBUG] RadioListener:97 - Write 192000 in user2-music.mp3
[2018-04-21 15:47:05] [DEBUG] CommunicationWrapper:95 - Receive message [410243210] from queue amq.gen-W5hxaPDslhG3c_v7hIBZSQ
[2018-04-21 15:47:05] [INFO ] RadioListener:118 - Receive radio package
[2018-04-21 15:47:05] [DEBUG] RadioListener:97 - Write 192000 in user2-music.mp3
[2018-04-21 15:47:10] [DEBUG] CommunicationWrapper:95 - Receive message [-683456041] from queue amq.gen-W5hxaPDslhG3c_v7hIBZSQ
[2018-04-21 15:47:10] [INFO ] RadioListener:118 - Receive radio package
[2018-04-21 15:47:10] [DEBUG] RadioListener:97 - Write 192000 in user2-music.mp3
[2018-04-21 15:47:15] [DEBUG] CommunicationWrapper:95 - Receive message [-999160544] from queue amq.gen-W5hxaPDslhG3c_v7hIBZSQ
[2018-04-21 15:47:15] [INFO ] RadioListener:118 - Receive radio package
[2018-04-21 15:47:15] [DEBUG] RadioListener:97 - Write 192000 in user2-music.mp3
[2018-04-21 15:47:20] [DEBUG] CommunicationWrapper:95 - Receive message [-1977059316] from queue amq.gen-W5hxaPDslhG3c_v7hIBZSQ
[2018-04-21 15:47:20] [INFO ] RadioListener:118 - Receive radio package
[2018-04-21 15:47:20] [DEBUG] RadioListener:97 - Write 192000 in user2-music.mp3
[2018-04-21 15:47:25] [DEBUG] CommunicationWrapper:95 - Receive message [464516556] from queue amq.gen-W5hxaPDslhG3c_v7hIBZSQ
[2018-04-21 15:47:25] [INFO ] RadioListener:118 - Receive radio package
[2018-04-21 15:47:25] [DEBUG] RadioListener:97 - Write 192000 in user2-music.mp3
[2018-04-21 15:47:31] [INFO ] RadioListener:255 - SIGINT detected. Closing connection
[2018-04-21 15:47:31] [INFO ] RadioListener:148 - Stop Radio Listener
[2018-04-21 15:47:31] [DEBUG] CommunicationWrapper:69 - Send message [2053451641] on queue CLIENT
[2018-04-21 15:47:31] [INFO ] CommunicationWrapper:124 - Deleted queue amq.gen-W5hxaPDslhG3c_v7hIBZSQ
[2018-04-21 15:47:31] [INFO ] RadioListener:165 - Exit
[2018-04-21 15:47:31] [INFO ] RadioListener:257 - Connection closed
[2018-04-21 15:55:13] [INFO ] Settings:19 - "radio-listener.properties" was loaded correctly
[2018-04-21 15:55:13] [INFO ] CommunicationWrapper:58 - Created queue amq.gen-G1tudG-BJE8Lq4aSbuz4Nw
[2018-04-21 15:55:13] [DEBUG] CommunicationWrapper:69 - Send message [-1101450578] on queue CLIENT
[2018-04-21 15:55:13] [INFO ] RadioListener:173 - Start timeout to wait response. TIMEOUT=10
[2018-04-21 15:55:13] [INFO ] RadioListener:182 - Waiting response
[2018-04-21 15:55:13] [DEBUG] CommunicationWrapper:95 - Receive message [-932490575] from queue amq.gen-G1tudG-BJE8Lq4aSbuz4Nw
[2018-04-21 15:55:13] [INFO ] RadioListener:225 - Received response from server
[2018-04-21 15:55:25] [INFO ] RadioListener:255 - SIGINT detected. Closing connection
[2018-04-21 15:55:25] [INFO ] RadioListener:148 - Stop Radio Listener
[2018-04-21 15:55:25] [INFO ] CommunicationWrapper:124 - Deleted queue amq.gen-G1tudG-BJE8Lq4aSbuz4Nw
[2018-04-21 15:55:25] [INFO ] RadioListener:165 - Exit
[2018-04-21 15:55:25] [INFO ] RadioListener:257 - Connection closed
[2018-04-21 15:57:14] [INFO ] Settings:19 - "radio-listener.properties" was loaded correctly
[2018-04-21 15:57:15] [INFO ] CommunicationWrapper:58 - Created queue amq.gen-I3TFHGjcqFJwdsyDkVJyHQ
[2018-04-21 15:57:15] [DEBUG] CommunicationWrapper:69 - Send message [1333959928] on queue CLIENT
[2018-04-21 15:57:15] [INFO ] RadioListener:173 - Start timeout to wait response. TIMEOUT=10
[2018-04-21 15:57:15] [INFO ] RadioListener:182 - Waiting response
[2018-04-21 15:57:15] [DEBUG] CommunicationWrapper:95 - Receive message [-932490575] from queue amq.gen-I3TFHGjcqFJwdsyDkVJyHQ
[2018-04-21 15:57:15] [INFO ] RadioListener:225 - Received response from server
[2018-04-21 15:57:15] [INFO ] RadioListener:148 - Stop Radio Listener
[2018-04-21 15:57:15] [INFO ] CommunicationWrapper:124 - Deleted queue amq.gen-I3TFHGjcqFJwdsyDkVJyHQ
[2018-04-21 15:57:15] [INFO ] RadioListener:165 - Exit
[2018-04-21 15:57:15] [WARN ] RadioListener:269 - Waiting graceful quit to close
[2018-04-21 16:00:45] [INFO ] RadioListener:258 - SIGINT detected. Closing connection
[2018-04-21 16:00:45] [INFO ] RadioListener:148 - Stop Radio Listener
[2018-04-21 16:00:45] [WARN ] CommunicationWrapper:115 - Cannot detach consumerTag: amq.ctag-3y3Kthialjwy1-v3C7LjCQ
[2018-04-21 16:00:45] [DEBUG] CommunicationWrapper:116 - java.io.IOException: Unknown consumerTag
[2018-04-21 16:00:45] [WARN ] RadioListener:161 - Cannot detach
[2018-04-21 16:02:17] [INFO ] Settings:19 - "radio-listener.properties" was loaded correctly
[2018-04-21 16:02:17] [INFO ] CommunicationWrapper:58 - Created queue amq.gen-oXbXVzwuK7U9xDeKHd4obQ
[2018-04-21 16:02:17] [DEBUG] CommunicationWrapper:69 - Send message [481939938] on queue CLIENT
[2018-04-21 16:02:17] [INFO ] RadioListener:173 - Start timeout to wait response. TIMEOUT=10
[2018-04-21 16:02:17] [INFO ] RadioListener:182 - Waiting response
[2018-04-21 16:02:27] [INFO ] RadioListener:175 - TIMEOUT: Wake-up. Close connection. The servers are not working
[2018-04-21 16:03:07] [INFO ] RadioListener:257 - SIGINT detected. Closing connection
[2018-04-21 16:03:07] [INFO ] RadioListener:148 - Stop Radio Listener
[2018-04-21 16:03:07] [INFO ] CommunicationWrapper:124 - Deleted queue amq.gen-oXbXVzwuK7U9xDeKHd4obQ
[2018-04-21 16:03:07] [INFO ] RadioListener:165 - Exit
[2018-04-21 16:03:07] [INFO ] RadioListener:259 - Connection closed
[2018-04-21 16:03:10] [INFO ] Settings:19 - "radio-listener.properties" was loaded correctly
[2018-04-21 16:03:10] [INFO ] CommunicationWrapper:58 - Created queue amq.gen-gs1f00Pb0nSOKOoE68EWGQ
[2018-04-21 16:03:10] [DEBUG] CommunicationWrapper:69 - Send message [-2117423642] on queue CLIENT
[2018-04-21 16:03:10] [INFO ] RadioListener:173 - Start timeout to wait response. TIMEOUT=10
[2018-04-21 16:03:10] [INFO ] RadioListener:181 - Waiting response
[2018-04-21 16:03:20] [INFO ] RadioListener:175 - TIMEOUT: Wake-up. Close connection. The servers are not working
[2018-04-21 16:03:20] [INFO ] RadioListener:148 - Stop Radio Listener
[2018-04-21 16:03:20] [INFO ] CommunicationWrapper:124 - Deleted queue amq.gen-gs1f00Pb0nSOKOoE68EWGQ
[2018-04-21 16:03:20] [INFO ] RadioListener:165 - Exit
[2018-04-21 16:03:20] [INFO ] RadioListener:261 - Goodbye
[2018-04-21 16:03:20] [INFO ] RadioListener:256 - SIGINT detected. Closing connection
[2018-04-21 16:03:20] [INFO ] RadioListener:148 - Stop Radio Listener
[2018-04-21 16:03:20] [WARN ] CommunicationWrapper:115 - Cannot detach consumerTag: amq.ctag-LWiXT_asDC6a1T-c7bZ4ug
[2018-04-21 16:03:20] [DEBUG] CommunicationWrapper:116 - java.io.IOException: Unknown consumerTag
[2018-04-21 16:03:20] [WARN ] RadioListener:161 - Cannot detach
[2018-04-21 16:10:22] [INFO ] Settings:19 - "radio-listener.properties" was loaded correctly
[2018-04-21 16:10:23] [INFO ] CommunicationWrapper:58 - Created queue amq.gen-2eeeooraGzTmNtAlmPpQuw
[2018-04-21 16:10:23] [DEBUG] CommunicationWrapper:69 - Send message [-336764666] on queue CLIENT
[2018-04-21 16:10:23] [INFO ] RadioListener:178 - Start timeout to wait response. TIMEOUT=10
[2018-04-21 16:10:23] [INFO ] RadioListener:186 - Waiting response
[2018-04-21 16:10:33] [INFO ] RadioListener:180 - TIMEOUT: Wake-up. Close connection. The servers are not working
[2018-04-21 16:10:33] [INFO ] RadioListener:148 - Stop Radio Listener
[2018-04-21 16:10:33] [INFO ] CommunicationWrapper:124 - Deleted queue amq.gen-2eeeooraGzTmNtAlmPpQuw
[2018-04-21 16:10:33] [INFO ] RadioListener:170 - Exit
[2018-04-21 16:10:33] [INFO ] RadioListener:266 - Goodbye
[2018-04-21 16:10:33] [INFO ] RadioListener:261 - SIGINT detected. Closing connection
[2018-04-21 16:10:33] [INFO ] RadioListener:148 - Stop Radio Listener
