[2018-04-20 20:54:51] [INFO ] Settings:19 - "user-gestor.properties" was loaded correctly
[2018-04-20 20:54:52] [INFO ] CommunicationWrapper:47 - Created queue CLIENT
[2018-04-20 20:54:52] [INFO ] Settings:19 - "../database.properties" was loaded correctly
[2018-04-20 20:54:52] [INFO ] UserGestor:71 - Client message request
[2018-04-20 21:08:47] [DEBUG] CommunicationWrapper:95 - Receive message [1625088018] from queue CLIENT
[2018-04-20 21:08:47] [DEBUG] CommunicationWrapper:69 - Send message [-1034920759] in queue amq.gen-Ga_a5N86d-_xAmQBa7lCMg
[2018-04-20 21:09:04] [DEBUG] CommunicationWrapper:95 - Receive message [-199545385] from queue CLIENT
[2018-04-20 21:09:04] [INFO ] UserGestor:46 - Request connection from user1 in radio radio1
[2018-04-20 21:09:04] [INFO ] UserGestor:63 - Revoke request connection from user1. Radio radio1 no exist
[2018-04-20 21:09:04] [DEBUG] CommunicationWrapper:69 - Send message [1611744832] in queue amq.gen-f3GLbEKs0a2yfNH1iYmVvg
[2018-04-20 21:12:29] [DEBUG] CommunicationWrapper:95 - Receive message [1088955421] from queue CLIENT
[2018-04-20 21:12:29] [INFO ] UserGestor:46 - Request connection from user1 in radio radio1
[2018-04-20 21:12:29] [INFO ] UserGestor:63 - Revoke request connection from user1. Radio radio1 no exist
[2018-04-20 21:12:29] [DEBUG] CommunicationWrapper:69 - Send message [1611744832] in queue amq.gen-cIpUTrM9NnGjEyLnijFMsg
[2018-04-21 00:08:24] [INFO ] Settings:19 - "user-gestor.properties" was loaded correctly
[2018-04-21 00:08:24] [INFO ] CommunicationWrapper:47 - Created queue CLIENT
[2018-04-21 00:08:24] [INFO ] Settings:19 - "../database.properties" was loaded correctly
[2018-04-21 00:08:24] [INFO ] UserGestor:71 - Waiting client request
[2018-04-21 00:08:44] [DEBUG] CommunicationWrapper:95 - Receive message [-1502284347] from queue CLIENT
[2018-04-21 00:08:44] [DEBUG] CommunicationWrapper:69 - Send message [756901421] on queue amq.gen-E8tjE_LEkwCpiTS4mL7N8g
[2018-04-21 02:52:19] [INFO ] Settings:19 - "user-gestor.properties" was loaded correctly
[2018-04-21 02:52:20] [INFO ] CommunicationWrapper:47 - Created queue CLIENT
[2018-04-21 02:52:20] [INFO ] Settings:19 - "../database.properties" was loaded correctly
[2018-04-21 02:52:20] [INFO ] UserGestor:71 - Waiting client request
[2018-04-21 02:53:54] [DEBUG] CommunicationWrapper:95 - Receive message [-1436458930] from queue CLIENT
[2018-04-21 02:53:54] [INFO ] UserGestor:46 - Request connection from user1 in radio radio1
[2018-04-21 02:53:54] [INFO ] UserGestor:63 - Revoke request connection from user1. Radio radio1 no exist
[2018-04-21 02:53:54] [DEBUG] CommunicationWrapper:69 - Send message [1611744832] on queue amq.gen-G5vC2DvgL3dxfyqZa1X6Aw
[2018-04-21 02:54:09] [DEBUG] CommunicationWrapper:95 - Receive message [-329173411] from queue CLIENT
[2018-04-21 02:54:09] [INFO ] UserGestor:46 - Request connection from user1 in radio list
[2018-04-21 02:54:09] [INFO ] UserGestor:63 - Revoke request connection from user1. Radio list no exist
[2018-04-21 02:54:09] [DEBUG] CommunicationWrapper:69 - Send message [1611744832] on queue amq.gen-_dtnko9FoB2HgUbXm_ysHQ
[2018-04-21 02:54:16] [DEBUG] CommunicationWrapper:95 - Receive message [-128248866] from queue CLIENT
[2018-04-21 02:54:16] [DEBUG] CommunicationWrapper:69 - Send message [-1034920759] on queue amq.gen-vZqDbwSJyomxGnUDh9f3Bw
[2018-04-21 02:59:27] [INFO ] Settings:19 - "user-gestor.properties" was loaded correctly
[2018-04-21 02:59:27] [INFO ] CommunicationWrapper:47 - Created queue CLIENT
[2018-04-21 02:59:27] [INFO ] Settings:19 - "../database.properties" was loaded correctly
[2018-04-21 02:59:27] [DEBUG] BlockDatabase:50 - Load database station.radio1
[2018-04-21 02:59:27] [INFO ] UserGestor:71 - Waiting client request
[2018-04-21 02:59:27] [DEBUG] CommunicationWrapper:95 - Receive message [-1057138191] from queue CLIENT
[2018-04-21 02:59:27] [DEBUG] CommunicationWrapper:69 - Send message [1895367876] on queue amq.gen-rBbeVfa60Hq2Ux6C3GnyGA
[2018-04-21 02:59:39] [DEBUG] CommunicationWrapper:95 - Receive message [-95201908] from queue CLIENT
[2018-04-21 02:59:39] [DEBUG] CommunicationWrapper:69 - Send message [1895367876] on queue amq.gen-rlIuyDwbuqIi2LW5v-VaZg
[2018-04-21 02:59:55] [DEBUG] CommunicationWrapper:95 - Receive message [1760463467] from queue CLIENT
[2018-04-21 02:59:55] [INFO ] UserGestor:46 - Request connection from user1 in radio radio1
[2018-04-21 02:59:55] [INFO ] UserGestor:51 - Accepted connection from user1 to radio radio1
[2018-04-21 02:59:55] [DEBUG] CommunicationWrapper:69 - Send message [-403124413] on queue amq.gen--6pcb_A3NOj2FWqsSNdpcQ
[2018-04-21 03:00:55] [DEBUG] CommunicationWrapper:95 - Receive message [690104917] from queue CLIENT
[2018-04-21 03:00:55] [INFO ] UserGestor:87 - Updated activity for user user1
[2018-04-21 03:01:55] [DEBUG] CommunicationWrapper:95 - Receive message [690104917] from queue CLIENT
[2018-04-21 03:01:55] [INFO ] UserGestor:87 - Updated activity for user user1
[2018-04-21 03:15:29] [INFO ] Settings:19 - "user-gestor.properties" was loaded correctly
[2018-04-21 03:15:29] [INFO ] CommunicationWrapper:47 - Created queue CLIENT
[2018-04-21 03:15:29] [INFO ] Settings:19 - "../database.properties" was loaded correctly
[2018-04-21 03:15:29] [INFO ] UserGestor:71 - Waiting client request
[2018-04-21 03:16:36] [DEBUG] CommunicationWrapper:95 - Receive message [-869455735] from queue CLIENT
[2018-04-21 03:16:36] [DEBUG] BlockDatabase:50 - Load database station.coldplay
[2018-04-21 03:16:36] [DEBUG] CommunicationWrapper:69 - Send message [654808070] on queue amq.gen-Gv7OpvGzzZQ9hGdZBPcelA
[2018-04-21 03:16:50] [DEBUG] CommunicationWrapper:95 - Receive message [1933499398] from queue CLIENT
[2018-04-21 03:16:50] [INFO ] UserGestor:46 - Request connection from user1 in radio coldplay
[2018-04-21 03:16:50] [INFO ] UserGestor:51 - Accepted connection from user1 to radio coldplay
[2018-04-21 03:16:50] [DEBUG] CommunicationWrapper:69 - Send message [-403124413] on queue amq.gen-AnM8xmcgTqwTCnaS81ThsA
[2018-04-21 03:17:50] [DEBUG] CommunicationWrapper:95 - Receive message [690104917] from queue CLIENT
[2018-04-21 03:17:50] [INFO ] UserGestor:87 - Updated activity for user user1
[2018-04-21 03:18:50] [DEBUG] CommunicationWrapper:95 - Receive message [690104917] from queue CLIENT
[2018-04-21 03:18:50] [INFO ] UserGestor:87 - Updated activity for user user1
[2018-04-21 03:19:50] [DEBUG] CommunicationWrapper:95 - Receive message [690104917] from queue CLIENT
[2018-04-21 03:19:50] [INFO ] UserGestor:87 - Updated activity for user user1
[2018-04-21 03:19:56] [DEBUG] CommunicationWrapper:95 - Receive message [1225845382] from queue CLIENT
[2018-04-21 03:19:56] [INFO ] UserGestor:46 - Request connection from user1 in radio coldplay
[2018-04-21 03:19:56] [INFO ] UserGestor:51 - Accepted connection from user1 to radio coldplay
[2018-04-21 03:19:56] [DEBUG] CommunicationWrapper:69 - Send message [-403124413] on queue amq.gen-9EOhdYia26IBJbnq9gMRAg
[2018-04-21 03:36:51] [INFO ] Settings:19 - "user-gestor.properties" was loaded correctly
[2018-04-21 03:36:51] [INFO ] CommunicationWrapper:47 - Created queue CLIENT
[2018-04-21 03:36:51] [INFO ] Settings:19 - "../database.properties" was loaded correctly
[2018-04-21 03:36:51] [INFO ] UserGestor:71 - Waiting client request
[2018-04-21 03:37:43] [DEBUG] CommunicationWrapper:95 - Receive message [-451826638] from queue CLIENT
[2018-04-21 03:37:43] [DEBUG] BlockDatabase:50 - Load database station.music
[2018-04-21 03:37:43] [DEBUG] CommunicationWrapper:69 - Send message [-932490575] on queue amq.gen-WoCVeS9aTkNGxi8sATKw4Q
[2018-04-21 03:37:55] [DEBUG] CommunicationWrapper:95 - Receive message [1753584752] from queue CLIENT
[2018-04-21 03:37:55] [INFO ] UserGestor:46 - Request connection from user1 in radio music
[2018-04-21 03:37:55] [INFO ] UserGestor:51 - Accepted connection from user1 to radio music
[2018-04-21 03:37:55] [DEBUG] CommunicationWrapper:69 - Send message [-403124413] on queue amq.gen-NVpU_iwNPg_7p3_xGHvD3Q
[2018-04-21 03:38:59] [DEBUG] CommunicationWrapper:95 - Receive message [-1477920544] from queue CLIENT
[2018-04-21 03:38:59] [INFO ] UserGestor:46 - Request connection from user1 in radio music
[2018-04-21 03:38:59] [INFO ] UserGestor:51 - Accepted connection from user1 to radio music
[2018-04-21 03:38:59] [DEBUG] CommunicationWrapper:69 - Send message [-403124413] on queue amq.gen-MFRWhYo-QCo1HihysohpRQ
[2018-04-21 09:30:21] [INFO ] Settings:19 - "user-gestor.properties" was loaded correctly
[2018-04-21 09:30:21] [INFO ] CommunicationWrapper:47 - Created queue CLIENT
[2018-04-21 09:30:21] [INFO ] Settings:19 - "../database.properties" was loaded correctly
[2018-04-21 09:30:21] [DEBUG] BlockDatabase:50 - Load database station.music
[2018-04-21 09:30:21] [INFO ] UserGestor:71 - Waiting client request
[2018-04-21 09:30:21] [DEBUG] CommunicationWrapper:95 - Receive message [1341126606] from queue CLIENT
[2018-04-21 09:30:21] [DEBUG] CommunicationWrapper:69 - Send message [-932490575] on queue amq.gen-6VeRzD8ozTD-oHXF-n2dOA
[2018-04-21 09:30:58] [DEBUG] CommunicationWrapper:95 - Receive message [-593876531] from queue CLIENT
[2018-04-21 09:30:58] [DEBUG] CommunicationWrapper:69 - Send message [-932490575] on queue amq.gen-aZyvRYEE46CtLa254qkUBQ
[2018-04-21 09:31:28] [DEBUG] CommunicationWrapper:95 - Receive message [1269118513] from queue CLIENT
[2018-04-21 09:31:28] [INFO ] UserGestor:46 - Request connection from user1 in radio music
[2018-04-21 09:31:28] [INFO ] UserGestor:51 - Accepted connection from user1 to radio music
[2018-04-21 09:31:28] [DEBUG] CommunicationWrapper:69 - Send message [-403124413] on queue amq.gen-cRXtvOfogBe4JwsrxI4s-A
[2018-04-21 09:36:43] [INFO ] Settings:19 - "user-gestor.properties" was loaded correctly
[2018-04-21 09:36:43] [INFO ] CommunicationWrapper:47 - Created queue CLIENT
[2018-04-21 09:36:43] [INFO ] Settings:19 - "../database.properties" was loaded correctly
[2018-04-21 09:36:43] [INFO ] UserGestor:71 - Waiting client request
[2018-04-21 09:37:16] [DEBUG] CommunicationWrapper:95 - Receive message [-1931782198] from queue CLIENT
[2018-04-21 09:37:16] [INFO ] UserGestor:46 - Request connection from user1 in radio music
[2018-04-21 09:37:16] [INFO ] UserGestor:51 - Accepted connection from user1 to radio music
[2018-04-21 09:37:16] [DEBUG] CommunicationWrapper:69 - Send message [-403124413] on queue amq.gen-InFg0GwrFLyC7AkQs67qLw
[2018-04-21 09:50:50] [INFO ] Settings:19 - "user-gestor.properties" was loaded correctly
[2018-04-21 09:50:50] [INFO ] CommunicationWrapper:47 - Created queue CLIENT
[2018-04-21 09:50:50] [INFO ] Settings:19 - "../database.properties" was loaded correctly
[2018-04-21 09:50:50] [INFO ] UserGestor:71 - Waiting client request
[2018-04-21 09:52:26] [INFO ] Settings:19 - "user-gestor.properties" was loaded correctly
[2018-04-21 09:52:26] [INFO ] CommunicationWrapper:47 - Created queue CLIENT
[2018-04-21 09:52:26] [INFO ] Settings:19 - "../database.properties" was loaded correctly
[2018-04-21 09:52:26] [INFO ] UserGestor:71 - Waiting client request
[2018-04-21 09:53:17] [DEBUG] CommunicationWrapper:95 - Receive message [2034017949] from queue CLIENT
[2018-04-21 09:53:17] [INFO ] UserGestor:46 - Request connection from user1 in radio music
[2018-04-21 09:53:18] [INFO ] UserGestor:51 - Accepted connection from user1 to radio music
[2018-04-21 09:53:18] [DEBUG] CommunicationWrapper:69 - Send message [-403124413] on queue amq.gen-ED4e1yqcunJ7ZPxZdA62oA
[2018-04-21 09:56:19] [DEBUG] CommunicationWrapper:95 - Receive message [573142278] from queue CLIENT
[2018-04-21 09:56:19] [INFO ] UserGestor:46 - Request connection from user1 in radio music
[2018-04-21 09:56:19] [INFO ] UserGestor:51 - Accepted connection from user1 to radio music
[2018-04-21 09:56:19] [DEBUG] CommunicationWrapper:69 - Send message [-403124413] on queue amq.gen-baCkrvDFgvKGMmUoA4a7vw
[2018-04-21 09:56:35] [DEBUG] CommunicationWrapper:95 - Receive message [1536575317] from queue CLIENT
[2018-04-21 09:59:37] [INFO ] Settings:19 - "user-gestor.properties" was loaded correctly
[2018-04-21 09:59:37] [INFO ] CommunicationWrapper:47 - Created queue CLIENT
[2018-04-21 09:59:37] [INFO ] Settings:19 - "../database.properties" was loaded correctly
[2018-04-21 09:59:37] [INFO ] UserGestor:71 - Waiting client request
[2018-04-21 10:01:10] [DEBUG] CommunicationWrapper:95 - Receive message [2076041101] from queue CLIENT
[2018-04-21 10:01:10] [INFO ] UserGestor:46 - Request connection from user1 in radio music
[2018-04-21 10:01:10] [INFO ] UserGestor:51 - Accepted connection from user1 to radio music
[2018-04-21 10:01:10] [DEBUG] CommunicationWrapper:69 - Send message [-403124413] on queue amq.gen-Ulcxaxm-dYSdVbTOFsB0IA
[2018-04-21 10:02:10] [DEBUG] CommunicationWrapper:95 - Receive message [690104917] from queue CLIENT
[2018-04-21 10:02:10] [INFO ] UserGestor:87 - Updated activity for user user1
[2018-04-21 10:03:09] [DEBUG] CommunicationWrapper:95 - Receive message [-599569159] from queue CLIENT
[2018-04-21 10:03:09] [INFO ] UserGestor:46 - Request connection from user2 in radio music
[2018-04-21 10:03:09] [INFO ] UserGestor:51 - Accepted connection from user2 to radio music
[2018-04-21 10:03:09] [DEBUG] CommunicationWrapper:69 - Send message [-403124413] on queue amq.gen-2t6e4vdmkdfQFtr30q95_A
[2018-04-21 10:03:10] [DEBUG] CommunicationWrapper:95 - Receive message [690104917] from queue CLIENT
[2018-04-21 10:03:10] [INFO ] UserGestor:87 - Updated activity for user user1
[2018-04-21 10:03:34] [DEBUG] CommunicationWrapper:95 - Receive message [692103446] from queue CLIENT
[2018-04-21 10:11:38] [INFO ] Settings:19 - "user-gestor.properties" was loaded correctly
[2018-04-21 10:11:39] [INFO ] CommunicationWrapper:47 - Created queue CLIENT
[2018-04-21 10:11:39] [INFO ] Settings:19 - "../database.properties" was loaded correctly
[2018-04-21 10:11:39] [INFO ] UserGestor:71 - Waiting client request
[2018-04-21 10:12:19] [DEBUG] CommunicationWrapper:95 - Receive message [-996896925] from queue CLIENT
[2018-04-21 10:12:19] [INFO ] UserGestor:46 - Request connection from user1 in radio music
[2018-04-21 10:12:19] [INFO ] UserGestor:51 - Accepted connection from user1 to radio music
[2018-04-21 10:12:19] [DEBUG] CommunicationWrapper:69 - Send message [-403124413] on queue amq.gen-tJeEcBL1S9Of--lWYnO--Q
[2018-04-21 10:12:44] [DEBUG] CommunicationWrapper:95 - Receive message [-1214056599] from queue CLIENT
[2018-04-21 10:12:44] [INFO ] UserGestor:90 - Deleted user user1 from radio music
[2018-04-21 10:14:48] [DEBUG] CommunicationWrapper:95 - Receive message [-161277524] from queue CLIENT
[2018-04-21 10:14:48] [INFO ] UserGestor:46 - Request connection from user1 in radio music
[2018-04-21 10:14:48] [INFO ] UserGestor:51 - Accepted connection from user1 to radio music
[2018-04-21 10:14:48] [DEBUG] CommunicationWrapper:69 - Send message [-403124413] on queue amq.gen-_qL2sQRcCOQQCcQbMSvj-Q
[2018-04-21 10:15:48] [DEBUG] CommunicationWrapper:95 - Receive message [690104917] from queue CLIENT
[2018-04-21 10:15:48] [INFO ] UserGestor:87 - Updated activity for user user1
[2018-04-21 10:16:48] [DEBUG] CommunicationWrapper:95 - Receive message [690104917] from queue CLIENT
[2018-04-21 10:16:48] [INFO ] UserGestor:87 - Updated activity for user user1
[2018-04-21 10:17:48] [DEBUG] CommunicationWrapper:95 - Receive message [690104917] from queue CLIENT
[2018-04-21 10:17:48] [INFO ] UserGestor:87 - Updated activity for user user1
[2018-04-21 10:18:48] [DEBUG] CommunicationWrapper:95 - Receive message [690104917] from queue CLIENT
[2018-04-21 10:18:48] [INFO ] UserGestor:87 - Updated activity for user user1
[2018-04-21 10:19:48] [DEBUG] CommunicationWrapper:95 - Receive message [690104917] from queue CLIENT
[2018-04-21 10:19:48] [INFO ] UserGestor:87 - Updated activity for user user1
[2018-04-21 10:20:48] [DEBUG] CommunicationWrapper:95 - Receive message [690104917] from queue CLIENT
[2018-04-21 10:20:48] [INFO ] UserGestor:87 - Updated activity for user user1
[2018-04-21 10:37:16] [INFO ] Settings:19 - "user-gestor.properties" was loaded correctly
[2018-04-21 10:37:16] [INFO ] CommunicationWrapper:47 - Created queue CLIENT
[2018-04-21 10:37:16] [INFO ] Settings:19 - "../database.properties" was loaded correctly
[2018-04-21 10:37:16] [INFO ] UserGestor:76 - Waiting client request
[2018-04-21 10:37:16] [INFO ] UserGestor:107 - Exiting
[2018-04-21 10:37:41] [INFO ] UserGestor:40 - SIGINT detected. Closing connection
[2018-04-21 10:37:41] [INFO ] UserGestor:43 - Connection closed
[2018-04-21 10:41:38] [INFO ] Settings:19 - "user-gestor.properties" was loaded correctly
[2018-04-21 10:41:39] [INFO ] CommunicationWrapper:47 - Created queue CLIENT
[2018-04-21 10:41:39] [INFO ] Settings:19 - "../database.properties" was loaded correctly
[2018-04-21 10:41:39] [INFO ] UserGestor:76 - Waiting client request
[2018-04-21 10:44:55] [INFO ] UserGestor:40 - SIGINT detected. Closing connection
[2018-04-21 10:44:55] [INFO ] UserGestor:43 - Connection closed
[2018-04-21 10:45:05] [INFO ] Settings:19 - "user-gestor.properties" was loaded correctly
[2018-04-21 10:45:05] [INFO ] CommunicationWrapper:47 - Created queue CLIENT
[2018-04-21 10:45:05] [INFO ] Settings:19 - "../database.properties" was loaded correctly
[2018-04-21 10:45:05] [INFO ] UserGestor:76 - Waiting client request
[2018-04-21 10:45:30] [INFO ] UserGestor:40 - SIGINT detected. Closing connection
[2018-04-21 10:45:30] [INFO ] UserGestor:43 - Connection closed
[2018-04-21 12:15:06] [INFO ] Settings:19 - "user-gestor.properties" was loaded correctly
[2018-04-21 12:15:07] [INFO ] CommunicationWrapper:47 - Created queue CLIENT
[2018-04-21 12:15:07] [INFO ] Settings:19 - "../database.properties" was loaded correctly
[2018-04-21 12:15:07] [INFO ] UserGestor:76 - Waiting client request
[2018-04-21 12:18:05] [DEBUG] CommunicationWrapper:95 - Receive message [-446996972] from queue CLIENT
[2018-04-21 12:18:05] [INFO ] UserGestor:51 - Request connection from user1 in radio music
[2018-04-21 12:18:05] [INFO ] UserGestor:56 - Accepted connection from user1 to radio music
[2018-04-21 12:18:05] [DEBUG] CommunicationWrapper:69 - Send message [-403124413] on queue amq.gen-_WzFuPx5xnrFb39K6tkW0g
[2018-04-21 12:18:30] [DEBUG] CommunicationWrapper:95 - Receive message [-664156646] from queue CLIENT
[2018-04-21 12:18:30] [INFO ] UserGestor:95 - Deleted user user1 from radio music
[2018-04-21 12:23:08] [INFO ] UserGestor:40 - SIGINT detected. Closing connection
[2018-04-21 12:23:08] [INFO ] UserGestor:43 - Connection closed
[2018-04-21 12:23:19] [INFO ] Settings:19 - "user-gestor.properties" was loaded correctly
[2018-04-21 12:23:20] [INFO ] CommunicationWrapper:47 - Created queue CLIENT
[2018-04-21 12:23:20] [INFO ] Settings:19 - "../database.properties" was loaded correctly
[2018-04-21 12:23:20] [INFO ] UserGestor:76 - Waiting client request
[2018-04-21 12:24:18] [DEBUG] CommunicationWrapper:95 - Receive message [632692314] from queue CLIENT
[2018-04-21 12:24:18] [INFO ] UserGestor:51 - Request connection from user1 in radio music
[2018-04-21 12:24:18] [INFO ] UserGestor:56 - Accepted connection from user1 to radio music
[2018-04-21 12:24:18] [DEBUG] CommunicationWrapper:69 - Send message [-403124413] on queue amq.gen-qRVVT6dhMBcwatj_1KIoIA
[2018-04-21 12:25:18] [DEBUG] CommunicationWrapper:95 - Receive message [690104917] from queue CLIENT
[2018-04-21 12:25:18] [INFO ] UserGestor:92 - Updated activity for user user1
[2018-04-21 12:25:39] [INFO ] UserGestor:40 - SIGINT detected. Closing connection
[2018-04-21 12:25:39] [INFO ] UserGestor:43 - Connection closed
[2018-04-21 12:26:53] [INFO ] Settings:19 - "user-gestor.properties" was loaded correctly
[2018-04-21 12:26:53] [INFO ] CommunicationWrapper:47 - Created queue CLIENT
[2018-04-21 12:26:53] [INFO ] Settings:19 - "../database.properties" was loaded correctly
[2018-04-21 12:26:53] [INFO ] UserGestor:76 - Waiting client request
[2018-04-21 12:27:47] [DEBUG] CommunicationWrapper:95 - Receive message [-566714554] from queue CLIENT
[2018-04-21 12:27:47] [INFO ] UserGestor:51 - Request connection from user1 in radio music
[2018-04-21 12:27:47] [DEBUG] FileCellBlock:178 - Update not find block to update. Write 'user1===1' on the end
[2018-04-21 12:27:47] [INFO ] UserGestor:56 - Accepted connection from user1 to radio music
[2018-04-21 12:27:47] [DEBUG] CommunicationWrapper:69 - Send message [-403124413] on queue amq.gen-FcKAjVuVZjo9GxQinRNQEw
[2018-04-21 12:28:47] [DEBUG] CommunicationWrapper:95 - Receive message [690104917] from queue CLIENT
[2018-04-21 12:28:47] [DEBUG] FileCellBlock:178 - Update not find block to update. Write 'user1===-388862===1' on the end
[2018-04-21 12:28:47] [INFO ] UserGestor:92 - Updated activity for user user1
[2018-04-21 12:29:47] [DEBUG] CommunicationWrapper:95 - Receive message [690104917] from queue CLIENT
[2018-04-21 12:29:47] [DEBUG] FileCellBlock:178 - Update not find block to update. Write 'user1===-388802===1' on the end
[2018-04-21 12:29:47] [INFO ] UserGestor:92 - Updated activity for user user1
[2018-04-21 12:30:55] [DEBUG] CommunicationWrapper:95 - Receive message [690104917] from queue CLIENT
[2018-04-21 12:31:47] [DEBUG] FileCellBlock:178 - Update not find block to update. Write 'user1===-388734===1' on the end
[2018-04-21 12:32:57] [INFO ] UserGestor:92 - Updated activity for user user1
[2018-04-21 12:32:57] [DEBUG] CommunicationWrapper:95 - Receive message [690104917] from queue CLIENT
[2018-04-21 12:32:57] [DEBUG] FileCellBlock:178 - Update not find block to update. Write 'user1===-388612===1' on the end
[2018-04-21 12:32:57] [INFO ] UserGestor:92 - Updated activity for user user1
[2018-04-21 12:32:57] [DEBUG] CommunicationWrapper:95 - Receive message [690104917] from queue CLIENT
[2018-04-21 12:32:57] [DEBUG] FileCellBlock:174 - Updated block 3.
'user1===-388612===1' -> 'user1===-388612===1'
[2018-04-21 12:32:57] [INFO ] UserGestor:92 - Updated activity for user user1
[2018-04-21 12:33:47] [DEBUG] CommunicationWrapper:95 - Receive message [690104917] from queue CLIENT
[2018-04-21 12:33:47] [DEBUG] FileCellBlock:178 - Update not find block to update. Write 'user1===-388562===1' on the end
[2018-04-21 12:33:47] [INFO ] UserGestor:92 - Updated activity for user user1
[2018-04-21 12:34:47] [DEBUG] CommunicationWrapper:95 - Receive message [690104917] from queue CLIENT
[2018-04-21 12:34:47] [DEBUG] FileCellBlock:178 - Update not find block to update. Write 'user1===-388502===1' on the end
[2018-04-21 12:34:47] [INFO ] UserGestor:92 - Updated activity for user user1
[2018-04-21 12:35:47] [DEBUG] CommunicationWrapper:95 - Receive message [690104917] from queue CLIENT
[2018-04-21 12:35:47] [DEBUG] FileCellBlock:178 - Update not find block to update. Write 'user1===-388442===1' on the end
[2018-04-21 12:35:47] [INFO ] UserGestor:92 - Updated activity for user user1
[2018-04-21 12:36:47] [DEBUG] CommunicationWrapper:95 - Receive message [690104917] from queue CLIENT
[2018-04-21 12:36:47] [DEBUG] FileCellBlock:178 - Update not find block to update. Write 'user1===-388382===1' on the end
[2018-04-21 12:36:47] [INFO ] UserGestor:92 - Updated activity for user user1
[2018-04-21 12:37:47] [DEBUG] CommunicationWrapper:95 - Receive message [690104917] from queue CLIENT
[2018-04-21 12:37:47] [DEBUG] FileCellBlock:178 - Update not find block to update. Write 'user1===-388322===1' on the end
[2018-04-21 12:37:47] [INFO ] UserGestor:92 - Updated activity for user user1
[2018-04-21 12:38:47] [DEBUG] CommunicationWrapper:95 - Receive message [690104917] from queue CLIENT
[2018-04-21 12:38:47] [DEBUG] FileCellBlock:178 - Update not find block to update. Write 'user1===-388262===1' on the end
[2018-04-21 12:38:47] [INFO ] UserGestor:92 - Updated activity for user user1
[2018-04-21 12:39:47] [DEBUG] CommunicationWrapper:95 - Receive message [690104917] from queue CLIENT
[2018-04-21 12:39:47] [DEBUG] FileCellBlock:178 - Update not find block to update. Write 'user1===-388202===1' on the end
[2018-04-21 12:39:47] [INFO ] UserGestor:92 - Updated activity for user user1
[2018-04-21 12:40:47] [DEBUG] CommunicationWrapper:95 - Receive message [690104917] from queue CLIENT
[2018-04-21 12:40:47] [DEBUG] FileCellBlock:178 - Update not find block to update. Write 'user1===-388142===1' on the end
[2018-04-21 12:40:47] [INFO ] UserGestor:92 - Updated activity for user user1
[2018-04-21 12:41:47] [DEBUG] CommunicationWrapper:95 - Receive message [690104917] from queue CLIENT
[2018-04-21 12:41:47] [DEBUG] FileCellBlock:178 - Update not find block to update. Write 'user1===-388082===1' on the end
[2018-04-21 12:41:47] [INFO ] UserGestor:92 - Updated activity for user user1
[2018-04-21 12:42:47] [DEBUG] CommunicationWrapper:95 - Receive message [690104917] from queue CLIENT
[2018-04-21 12:42:47] [DEBUG] FileCellBlock:178 - Update not find block to update. Write 'user1===-388022===1' on the end
[2018-04-21 12:42:47] [INFO ] UserGestor:92 - Updated activity for user user1
[2018-04-21 12:43:47] [DEBUG] CommunicationWrapper:95 - Receive message [690104917] from queue CLIENT
[2018-04-21 12:43:47] [DEBUG] FileCellBlock:178 - Update not find block to update. Write 'user1===-387962===1' on the end
[2018-04-21 12:43:47] [INFO ] UserGestor:92 - Updated activity for user user1
[2018-04-21 12:44:47] [DEBUG] CommunicationWrapper:95 - Receive message [690104917] from queue CLIENT
[2018-04-21 12:44:47] [DEBUG] FileCellBlock:178 - Update not find block to update. Write 'user1===-387902===1' on the end
[2018-04-21 12:44:47] [INFO ] UserGestor:92 - Updated activity for user user1
[2018-04-21 12:45:47] [DEBUG] CommunicationWrapper:95 - Receive message [690104917] from queue CLIENT
[2018-04-21 12:45:47] [DEBUG] FileCellBlock:178 - Update not find block to update. Write 'user1===-387842===1' on the end
[2018-04-21 12:45:47] [INFO ] UserGestor:92 - Updated activity for user user1
[2018-04-21 12:46:47] [DEBUG] CommunicationWrapper:95 - Receive message [690104917] from queue CLIENT
[2018-04-21 12:46:47] [DEBUG] FileCellBlock:178 - Update not find block to update. Write 'user1===-387782===1' on the end
[2018-04-21 12:46:47] [INFO ] UserGestor:92 - Updated activity for user user1
[2018-04-21 12:47:47] [DEBUG] CommunicationWrapper:95 - Receive message [690104917] from queue CLIENT
[2018-04-21 12:47:47] [DEBUG] FileCellBlock:178 - Update not find block to update. Write 'user1===-387722===1' on the end
[2018-04-21 12:47:47] [INFO ] UserGestor:92 - Updated activity for user user1
[2018-04-21 12:48:47] [DEBUG] CommunicationWrapper:95 - Receive message [690104917] from queue CLIENT
[2018-04-21 12:48:47] [DEBUG] FileCellBlock:178 - Update not find block to update. Write 'user1===-387662===1' on the end
[2018-04-21 12:48:47] [INFO ] UserGestor:92 - Updated activity for user user1
[2018-04-21 12:49:47] [DEBUG] CommunicationWrapper:95 - Receive message [690104917] from queue CLIENT
[2018-04-21 12:49:47] [DEBUG] FileCellBlock:178 - Update not find block to update. Write 'user1===-387602===1' on the end
[2018-04-21 12:49:47] [INFO ] UserGestor:92 - Updated activity for user user1
[2018-04-21 12:50:47] [DEBUG] CommunicationWrapper:95 - Receive message [690104917] from queue CLIENT
[2018-04-21 12:50:47] [DEBUG] FileCellBlock:178 - Update not find block to update. Write 'user1===-387542===1' on the end
[2018-04-21 12:50:47] [INFO ] UserGestor:92 - Updated activity for user user1
[2018-04-21 12:51:47] [DEBUG] CommunicationWrapper:95 - Receive message [690104917] from queue CLIENT
[2018-04-21 12:51:47] [DEBUG] FileCellBlock:178 - Update not find block to update. Write 'user1===-387482===1' on the end
[2018-04-21 12:51:47] [INFO ] UserGestor:92 - Updated activity for user user1
[2018-04-21 12:52:47] [DEBUG] CommunicationWrapper:95 - Receive message [690104917] from queue CLIENT
[2018-04-21 12:52:47] [DEBUG] FileCellBlock:178 - Update not find block to update. Write 'user1===-387422===1' on the end
[2018-04-21 12:52:47] [INFO ] UserGestor:92 - Updated activity for user user1
[2018-04-21 12:53:47] [DEBUG] CommunicationWrapper:95 - Receive message [690104917] from queue CLIENT
[2018-04-21 12:53:47] [DEBUG] FileCellBlock:178 - Update not find block to update. Write 'user1===-387362===1' on the end
[2018-04-21 12:53:47] [INFO ] UserGestor:92 - Updated activity for user user1
[2018-04-21 12:54:47] [DEBUG] CommunicationWrapper:95 - Receive message [690104917] from queue CLIENT
[2018-04-21 12:54:47] [DEBUG] FileCellBlock:178 - Update not find block to update. Write 'user1===-387302===1' on the end
[2018-04-21 12:54:47] [INFO ] UserGestor:92 - Updated activity for user user1
[2018-04-21 12:55:47] [DEBUG] CommunicationWrapper:95 - Receive message [690104917] from queue CLIENT
[2018-04-21 12:55:47] [DEBUG] FileCellBlock:178 - Update not find block to update. Write 'user1===-387242===1' on the end
[2018-04-21 12:55:47] [INFO ] UserGestor:92 - Updated activity for user user1
[2018-04-21 12:56:47] [DEBUG] CommunicationWrapper:95 - Receive message [690104917] from queue CLIENT
[2018-04-21 12:56:47] [DEBUG] FileCellBlock:178 - Update not find block to update. Write 'user1===-387182===1' on the end
[2018-04-21 12:56:47] [INFO ] UserGestor:92 - Updated activity for user user1
[2018-04-21 12:57:47] [DEBUG] CommunicationWrapper:95 - Receive message [690104917] from queue CLIENT
[2018-04-21 12:57:47] [DEBUG] FileCellBlock:178 - Update not find block to update. Write 'user1===-387122===1' on the end
[2018-04-21 12:57:47] [INFO ] UserGestor:92 - Updated activity for user user1
[2018-04-21 12:58:47] [DEBUG] CommunicationWrapper:95 - Receive message [690104917] from queue CLIENT
[2018-04-21 12:58:47] [DEBUG] FileCellBlock:178 - Update not find block to update. Write 'user1===-387062===1' on the end
[2018-04-21 12:58:47] [INFO ] UserGestor:92 - Updated activity for user user1
[2018-04-21 12:59:47] [DEBUG] CommunicationWrapper:95 - Receive message [690104917] from queue CLIENT
[2018-04-21 12:59:47] [DEBUG] FileCellBlock:178 - Update not find block to update. Write 'user1===-387002===1' on the end
[2018-04-21 12:59:47] [INFO ] UserGestor:92 - Updated activity for user user1
[2018-04-21 13:00:47] [DEBUG] CommunicationWrapper:95 - Receive message [690104917] from queue CLIENT
[2018-04-21 13:00:47] [DEBUG] FileCellBlock:178 - Update not find block to update. Write 'user1===-386942===1' on the end
[2018-04-21 13:00:47] [INFO ] UserGestor:92 - Updated activity for user user1
[2018-04-21 13:01:47] [DEBUG] CommunicationWrapper:95 - Receive message [690104917] from queue CLIENT
[2018-04-21 13:01:47] [DEBUG] FileCellBlock:178 - Update not find block to update. Write 'user1===-386882===1' on the end
[2018-04-21 13:01:47] [INFO ] UserGestor:92 - Updated activity for user user1
[2018-04-21 13:02:47] [DEBUG] CommunicationWrapper:95 - Receive message [690104917] from queue CLIENT
[2018-04-21 13:02:47] [DEBUG] FileCellBlock:178 - Update not find block to update. Write 'user1===-386822===1' on the end
[2018-04-21 13:02:47] [INFO ] UserGestor:92 - Updated activity for user user1
[2018-04-21 13:03:47] [DEBUG] CommunicationWrapper:95 - Receive message [690104917] from queue CLIENT
[2018-04-21 13:03:47] [DEBUG] FileCellBlock:178 - Update not find block to update. Write 'user1===-386762===1' on the end
[2018-04-21 13:03:47] [INFO ] UserGestor:92 - Updated activity for user user1
[2018-04-21 13:04:47] [DEBUG] CommunicationWrapper:95 - Receive message [690104917] from queue CLIENT
[2018-04-21 13:04:47] [DEBUG] FileCellBlock:178 - Update not find block to update. Write 'user1===-386702===1' on the end
[2018-04-21 13:04:47] [INFO ] UserGestor:92 - Updated activity for user user1
[2018-04-21 13:05:47] [DEBUG] CommunicationWrapper:95 - Receive message [690104917] from queue CLIENT
[2018-04-21 13:05:47] [DEBUG] FileCellBlock:178 - Update not find block to update. Write 'user1===-386642===1' on the end
[2018-04-21 13:05:47] [INFO ] UserGestor:92 - Updated activity for user user1
[2018-04-21 13:06:47] [DEBUG] CommunicationWrapper:95 - Receive message [690104917] from queue CLIENT
[2018-04-21 13:06:47] [DEBUG] FileCellBlock:178 - Update not find block to update. Write 'user1===-386582===1' on the end
[2018-04-21 13:06:47] [INFO ] UserGestor:92 - Updated activity for user user1
[2018-04-21 13:07:47] [DEBUG] CommunicationWrapper:95 - Receive message [690104917] from queue CLIENT
[2018-04-21 13:07:47] [DEBUG] FileCellBlock:178 - Update not find block to update. Write 'user1===-386522===1' on the end
[2018-04-21 13:07:47] [INFO ] UserGestor:92 - Updated activity for user user1
[2018-04-21 13:08:47] [DEBUG] CommunicationWrapper:95 - Receive message [690104917] from queue CLIENT
[2018-04-21 13:08:47] [DEBUG] FileCellBlock:178 - Update not find block to update. Write 'user1===-386462===1' on the end
[2018-04-21 13:08:47] [INFO ] UserGestor:92 - Updated activity for user user1
[2018-04-21 13:09:47] [DEBUG] CommunicationWrapper:95 - Receive message [690104917] from queue CLIENT
[2018-04-21 13:09:47] [DEBUG] FileCellBlock:178 - Update not find block to update. Write 'user1===-386402===1' on the end
[2018-04-21 13:09:47] [INFO ] UserGestor:92 - Updated activity for user user1
[2018-04-21 13:10:47] [DEBUG] CommunicationWrapper:95 - Receive message [690104917] from queue CLIENT
[2018-04-21 13:10:47] [DEBUG] FileCellBlock:178 - Update not find block to update. Write 'user1===-386342===1' on the end
[2018-04-21 13:10:47] [INFO ] UserGestor:92 - Updated activity for user user1
[2018-04-21 13:11:47] [DEBUG] CommunicationWrapper:95 - Receive message [690104917] from queue CLIENT
[2018-04-21 13:11:47] [DEBUG] FileCellBlock:178 - Update not find block to update. Write 'user1===-386282===1' on the end
[2018-04-21 13:11:47] [INFO ] UserGestor:92 - Updated activity for user user1
[2018-04-21 13:12:47] [DEBUG] CommunicationWrapper:95 - Receive message [690104917] from queue CLIENT
[2018-04-21 13:12:47] [DEBUG] FileCellBlock:178 - Update not find block to update. Write 'user1===-386222===1' on the end
[2018-04-21 13:12:47] [INFO ] UserGestor:92 - Updated activity for user user1
[2018-04-21 13:13:47] [DEBUG] CommunicationWrapper:95 - Receive message [690104917] from queue CLIENT
[2018-04-21 13:13:47] [DEBUG] FileCellBlock:178 - Update not find block to update. Write 'user1===-386162===1' on the end
[2018-04-21 13:13:47] [INFO ] UserGestor:92 - Updated activity for user user1
[2018-04-21 13:14:47] [DEBUG] CommunicationWrapper:95 - Receive message [690104917] from queue CLIENT
[2018-04-21 13:14:47] [DEBUG] FileCellBlock:178 - Update not find block to update. Write 'user1===-386102===1' on the end
[2018-04-21 13:14:47] [INFO ] UserGestor:92 - Updated activity for user user1
[2018-04-21 13:15:47] [DEBUG] CommunicationWrapper:95 - Receive message [690104917] from queue CLIENT
[2018-04-21 13:15:47] [DEBUG] FileCellBlock:178 - Update not find block to update. Write 'user1===-386042===1' on the end
[2018-04-21 13:15:47] [INFO ] UserGestor:92 - Updated activity for user user1
[2018-04-21 13:16:47] [DEBUG] CommunicationWrapper:95 - Receive message [690104917] from queue CLIENT
[2018-04-21 13:16:47] [DEBUG] FileCellBlock:178 - Update not find block to update. Write 'user1===-385982===1' on the end
[2018-04-21 13:16:47] [INFO ] UserGestor:92 - Updated activity for user user1
[2018-04-21 13:17:47] [DEBUG] CommunicationWrapper:95 - Receive message [690104917] from queue CLIENT
[2018-04-21 13:17:47] [DEBUG] FileCellBlock:178 - Update not find block to update. Write 'user1===-385922===1' on the end
[2018-04-21 13:17:47] [INFO ] UserGestor:92 - Updated activity for user user1
[2018-04-21 13:18:47] [DEBUG] CommunicationWrapper:95 - Receive message [690104917] from queue CLIENT
[2018-04-21 13:18:47] [DEBUG] FileCellBlock:178 - Update not find block to update. Write 'user1===-385862===1' on the end
[2018-04-21 13:18:47] [INFO ] UserGestor:92 - Updated activity for user user1
[2018-04-21 13:19:47] [DEBUG] CommunicationWrapper:95 - Receive message [690104917] from queue CLIENT
[2018-04-21 13:19:47] [DEBUG] FileCellBlock:178 - Update not find block to update. Write 'user1===-385802===1' on the end
[2018-04-21 13:19:47] [INFO ] UserGestor:92 - Updated activity for user user1
[2018-04-21 13:20:47] [DEBUG] CommunicationWrapper:95 - Receive message [690104917] from queue CLIENT
[2018-04-21 13:20:47] [DEBUG] FileCellBlock:178 - Update not find block to update. Write 'user1===-385742===1' on the end
[2018-04-21 13:20:47] [INFO ] UserGestor:92 - Updated activity for user user1
[2018-04-21 13:21:47] [DEBUG] CommunicationWrapper:95 - Receive message [690104917] from queue CLIENT
[2018-04-21 13:21:47] [DEBUG] FileCellBlock:178 - Update not find block to update. Write 'user1===-385682===1' on the end
[2018-04-21 13:21:47] [INFO ] UserGestor:92 - Updated activity for user user1
[2018-04-21 13:22:47] [DEBUG] CommunicationWrapper:95 - Receive message [690104917] from queue CLIENT
[2018-04-21 13:22:47] [DEBUG] FileCellBlock:178 - Update not find block to update. Write 'user1===-385622===1' on the end
[2018-04-21 13:22:47] [INFO ] UserGestor:92 - Updated activity for user user1
[2018-04-21 13:23:47] [DEBUG] CommunicationWrapper:95 - Receive message [690104917] from queue CLIENT
[2018-04-21 13:23:47] [DEBUG] FileCellBlock:178 - Update not find block to update. Write 'user1===-385562===1' on the end
[2018-04-21 13:23:47] [INFO ] UserGestor:92 - Updated activity for user user1
[2018-04-21 13:24:47] [DEBUG] CommunicationWrapper:95 - Receive message [690104917] from queue CLIENT
[2018-04-21 13:24:47] [DEBUG] FileCellBlock:178 - Update not find block to update. Write 'user1===-385502===1' on the end
[2018-04-21 13:24:47] [INFO ] UserGestor:92 - Updated activity for user user1
[2018-04-21 13:25:47] [DEBUG] CommunicationWrapper:95 - Receive message [690104917] from queue CLIENT
[2018-04-21 13:25:47] [DEBUG] FileCellBlock:178 - Update not find block to update. Write 'user1===-385442===1' on the end
[2018-04-21 13:25:47] [INFO ] UserGestor:92 - Updated activity for user user1
[2018-04-21 13:26:47] [DEBUG] CommunicationWrapper:95 - Receive message [690104917] from queue CLIENT
[2018-04-21 13:26:47] [DEBUG] FileCellBlock:178 - Update not find block to update. Write 'user1===-385382===1' on the end
[2018-04-21 13:26:47] [INFO ] UserGestor:92 - Updated activity for user user1
[2018-04-21 13:27:17] [INFO ] UserGestor:40 - SIGINT detected. Closing connection
[2018-04-21 13:27:17] [INFO ] UserGestor:43 - Connection closed
[2018-04-21 13:27:17] [INFO ] UserGestor:107 - Exiting
[2018-04-21 13:31:54] [INFO ] Settings:19 - "user-gestor.properties" was loaded correctly
[2018-04-21 13:31:54] [INFO ] CommunicationWrapper:47 - Created queue CLIENT
[2018-04-21 13:31:54] [INFO ] Settings:19 - "../database.properties" was loaded correctly
[2018-04-21 13:31:54] [INFO ] UserGestor:82 - Waiting client request
[2018-04-21 13:33:44] [INFO ] UserGestor:41 - SIGINT detected. Closing connection
[2018-04-21 13:33:44] [INFO ] UserGestor:44 - Connection closed
[2018-04-21 13:33:44] [INFO ] UserGestor:113 - Exiting
[2018-04-21 13:35:51] [INFO ] Settings:19 - "user-gestor.properties" was loaded correctly
[2018-04-21 13:35:51] [INFO ] CommunicationWrapper:47 - Created queue CLIENT
[2018-04-21 13:35:51] [INFO ] Settings:19 - "../database.properties" was loaded correctly
[2018-04-21 13:35:51] [INFO ] UserGestor:82 - Waiting client request
[2018-04-21 13:36:07] [INFO ] UserGestor:41 - SIGINT detected. Closing connection
[2018-04-21 13:36:07] [INFO ] UserGestor:44 - Connection closed
[2018-04-21 13:37:37] [INFO ] Settings:19 - "user-gestor.properties" was loaded correctly
[2018-04-21 13:37:37] [INFO ] CommunicationWrapper:47 - Created queue CLIENT
[2018-04-21 13:37:37] [INFO ] Settings:19 - "../database.properties" was loaded correctly
[2018-04-21 13:37:37] [INFO ] UserGestor:77 - Waiting client request
[2018-04-21 13:39:50] [INFO ] UserGestor:41 - SIGINT detected. Closing connection
[2018-04-21 13:39:50] [INFO ] UserGestor:44 - Connection closed
[2018-04-21 13:40:12] [INFO ] Settings:19 - "user-gestor.properties" was loaded correctly
[2018-04-21 13:40:13] [INFO ] CommunicationWrapper:47 - Created queue CLIENT
[2018-04-21 13:40:13] [INFO ] Settings:19 - "../database.properties" was loaded correctly
[2018-04-21 13:40:13] [INFO ] UserGestor:77 - Waiting client request
[2018-04-21 13:41:58] [INFO ] UserGestor:41 - SIGINT detected. Closing connection
[2018-04-21 13:41:58] [INFO ] UserGestor:44 - Connection closed
[2018-04-21 13:41:58] [INFO ] UserGestor:108 - Exiting
[2018-04-21 13:42:06] [INFO ] Settings:19 - "user-gestor.properties" was loaded correctly
[2018-04-21 13:42:07] [INFO ] CommunicationWrapper:47 - Created queue CLIENT
[2018-04-21 13:42:07] [INFO ] Settings:19 - "../database.properties" was loaded correctly
[2018-04-21 13:42:07] [INFO ] UserGestor:77 - Waiting client request
[2018-04-21 13:44:04] [DEBUG] CommunicationWrapper:95 - Receive message [1965429862] from queue CLIENT
[2018-04-21 13:44:04] [INFO ] UserGestor:52 - Request connection from user1 in radio music
[2018-04-21 13:44:04] [DEBUG] FileCellBlock:178 - Update not find block to update. Write 'user1===1' on the end
[2018-04-21 13:44:04] [INFO ] UserGestor:57 - Accepted connection from user1 to radio music
[2018-04-21 13:44:04] [DEBUG] CommunicationWrapper:69 - Send message [-403124413] on queue amq.gen-_TL14YT3__C8QI0qzTnPSg
[2018-04-21 13:45:51] [DEBUG] CommunicationWrapper:95 - Receive message [690104917] from queue CLIENT
[2018-04-21 13:45:51] [DEBUG] FileCellBlock:178 - Update not find block to update. Write 'user1===1524329151===1' on the end
[2018-04-21 13:45:51] [INFO ] UserGestor:93 - Updated activity for user user1
[2018-04-21 13:46:04] [DEBUG] CommunicationWrapper:95 - Receive message [690104917] from queue CLIENT
[2018-04-21 13:46:04] [DEBUG] BlockDatabase:159 - Compare row: user1===1524329151===1 with userName user1
[2018-04-21 13:46:04] [DEBUG] FileCellBlock:178 - Update not find block to update. Write 'user1===1524329164===1' on the end
[2018-04-21 13:46:04] [INFO ] UserGestor:93 - Updated activity for user user1
[2018-04-21 13:47:04] [DEBUG] CommunicationWrapper:95 - Receive message [690104917] from queue CLIENT
[2018-04-21 13:47:04] [DEBUG] BlockDatabase:159 - Compare row: user1===1524329151===1 with userName user1
[2018-04-21 13:47:04] [DEBUG] BlockDatabase:159 - Compare row: user1===1524329164===1 with userName user1
[2018-04-21 13:47:04] [DEBUG] FileCellBlock:178 - Update not find block to update. Write 'user1===1524329224===1' on the end
[2018-04-21 13:47:04] [INFO ] UserGestor:93 - Updated activity for user user1
[2018-04-21 13:48:36] [DEBUG] CommunicationWrapper:95 - Receive message [690104917] from queue CLIENT
[2018-04-21 13:48:36] [DEBUG] BlockDatabase:159 - Compare row: user1===1524329151===1 with userName user1
[2018-04-21 13:48:36] [DEBUG] BlockDatabase:159 - Compare row: user1===1524329164===1 with userName user1
[2018-04-21 13:48:36] [DEBUG] BlockDatabase:159 - Compare row: user1===1524329224===1 with userName user1
[2018-04-21 13:48:36] [DEBUG] FileCellBlock:178 - Update not find block to update. Write 'user1===1524329316===1' on the end
[2018-04-21 13:48:36] [INFO ] UserGestor:93 - Updated activity for user user1
[2018-04-21 13:49:04] [DEBUG] CommunicationWrapper:95 - Receive message [690104917] from queue CLIENT
[2018-04-21 13:49:04] [DEBUG] BlockDatabase:159 - Compare row: user1===1524329151===1 with userName user1
[2018-04-21 13:49:04] [DEBUG] BlockDatabase:159 - Compare row: user1===1524329164===1 with userName user1
[2018-04-21 13:49:04] [DEBUG] BlockDatabase:159 - Compare row: user1===1524329224===1 with userName user1
[2018-04-21 13:49:04] [DEBUG] BlockDatabase:159 - Compare row: user1===1524329316===1 with userName user1
[2018-04-21 13:49:04] [DEBUG] FileCellBlock:178 - Update not find block to update. Write 'user1===1524329344===1' on the end
[2018-04-21 13:49:04] [INFO ] UserGestor:93 - Updated activity for user user1
[2018-04-21 13:50:04] [DEBUG] CommunicationWrapper:95 - Receive message [690104917] from queue CLIENT
[2018-04-21 13:50:04] [DEBUG] BlockDatabase:159 - Compare row: user1===1524329151===1 with userName user1
[2018-04-21 13:50:04] [DEBUG] BlockDatabase:159 - Compare row: user1===1524329164===1 with userName user1
[2018-04-21 13:50:04] [DEBUG] BlockDatabase:159 - Compare row: user1===1524329224===1 with userName user1
[2018-04-21 13:50:04] [DEBUG] BlockDatabase:159 - Compare row: user1===1524329316===1 with userName user1
[2018-04-21 13:50:04] [DEBUG] BlockDatabase:159 - Compare row: user1===1524329344===1 with userName user1
[2018-04-21 13:50:04] [DEBUG] FileCellBlock:178 - Update not find block to update. Write 'user1===1524329404===1' on the end
[2018-04-21 13:50:04] [INFO ] UserGestor:93 - Updated activity for user user1
[2018-04-21 13:50:10] [INFO ] UserGestor:41 - SIGINT detected. Closing connection
[2018-04-21 13:50:10] [INFO ] UserGestor:44 - Connection closed
[2018-04-21 13:52:31] [INFO ] Settings:19 - "user-gestor.properties" was loaded correctly
[2018-04-21 13:52:31] [INFO ] CommunicationWrapper:47 - Created queue CLIENT
[2018-04-21 13:52:31] [INFO ] Settings:19 - "../database.properties" was loaded correctly
[2018-04-21 13:52:31] [INFO ] UserGestor:77 - Waiting client request
[2018-04-21 13:54:40] [DEBUG] CommunicationWrapper:95 - Receive message [-117898051] from queue CLIENT
[2018-04-21 13:54:40] [INFO ] UserGestor:52 - Request connection from user1 in radio music
[2018-04-21 13:54:40] [DEBUG] FileCellBlock:178 - Update not find block to update. Write 'user1===1' on the end
[2018-04-21 13:54:40] [INFO ] UserGestor:57 - Accepted connection from user1 to radio music
[2018-04-21 13:54:40] [DEBUG] CommunicationWrapper:69 - Send message [-403124413] on queue amq.gen-4i8Gs12DcsVWpLUgM7_TPQ
[2018-04-21 13:55:29] [DEBUG] CommunicationWrapper:95 - Receive message [1825250740] from queue CLIENT
[2018-04-21 13:55:29] [INFO ] UserGestor:52 - Request connection from user1 in radio music
[2018-04-21 13:55:30] [DEBUG] FileCellBlock:178 - Update not find block to update. Write 'user1===1' on the end
[2018-04-21 13:55:30] [INFO ] UserGestor:57 - Accepted connection from user1 to radio music
[2018-04-21 13:55:30] [DEBUG] CommunicationWrapper:69 - Send message [-403124413] on queue amq.gen-jnWK39mhRMa2CqiI5FB4Cw
[2018-04-21 13:55:40] [DEBUG] CommunicationWrapper:95 - Receive message [690104917] from queue CLIENT
[2018-04-21 13:55:40] [DEBUG] FileCellBlock:178 - Update not find block to update. Write 'user1===1524329740===1' on the end
[2018-04-21 13:55:40] [INFO ] UserGestor:93 - Updated activity for user user1
[2018-04-21 13:56:30] [DEBUG] CommunicationWrapper:95 - Receive message [690104917] from queue CLIENT
[2018-04-21 13:56:30] [DEBUG] BlockDatabase:160 - Compare row: user1 with userName user1
[2018-04-21 13:56:30] [DEBUG] FileCellBlock:178 - Update not find block to update. Write 'user1===1524329790===1' on the end
[2018-04-21 13:56:30] [INFO ] UserGestor:93 - Updated activity for user user1
[2018-04-21 13:56:40] [DEBUG] CommunicationWrapper:95 - Receive message [690104917] from queue CLIENT
[2018-04-21 13:56:40] [DEBUG] BlockDatabase:160 - Compare row: user1 with userName user1
[2018-04-21 13:56:40] [DEBUG] BlockDatabase:160 - Compare row: user1 with userName user1
[2018-04-21 13:56:40] [DEBUG] FileCellBlock:178 - Update not find block to update. Write 'user1===1524329800===1' on the end
[2018-04-21 13:56:40] [INFO ] UserGestor:93 - Updated activity for user user1
[2018-04-21 13:57:15] [DEBUG] CommunicationWrapper:95 - Receive message [1608091066] from queue CLIENT
[2018-04-21 13:57:15] [DEBUG] FileCellBlock:178 - Update not find block to update. Write 'user1===0' on the end
[2018-04-21 13:57:15] [INFO ] UserGestor:96 - Deleted user user1 from radio music
[2018-04-21 13:57:18] [DEBUG] CommunicationWrapper:95 - Receive message [-335057725] from queue CLIENT
[2018-04-21 13:57:18] [DEBUG] FileCellBlock:174 - Updated block 2.
'user1===0' -> 'user1===0'
[2018-04-21 13:57:18] [INFO ] UserGestor:96 - Deleted user user1 from radio music
[2018-04-21 14:28:53] [INFO ] UserGestor:41 - SIGINT detected. Closing connection
[2018-04-21 14:28:53] [INFO ] UserGestor:44 - Connection closed
[2018-04-21 14:42:05] [INFO ] Settings:19 - "user-gestor.properties" was loaded correctly
[2018-04-21 14:42:05] [INFO ] CommunicationWrapper:47 - Created queue CLIENT
[2018-04-21 14:42:05] [INFO ] Settings:19 - "../database.properties" was loaded correctly
[2018-04-21 14:42:05] [INFO ] UserGestor:81 - Waiting client request
[2018-04-21 14:43:07] [DEBUG] CommunicationWrapper:95 - Receive message [1894676961] from queue CLIENT
[2018-04-21 14:43:07] [INFO ] UserGestor:55 - Request connection from user1 in radio music
[2018-04-21 14:43:07] [DEBUG] FileCellBlock:178 - Update not find block to update. Write 'user1===1' on the end
[2018-04-21 14:43:07] [INFO ] UserGestor:60 - Accepted connection from user1 to radio music
[2018-04-21 14:43:07] [INFO ] connection:61 - [CONNECTION] user 'user1' to radio 'music'
[2018-04-21 14:43:07] [DEBUG] CommunicationWrapper:69 - Send message [-403124413] on queue amq.gen-9zrK_3hz-_qauFFXjmmhcw
[2018-04-21 14:44:07] [DEBUG] CommunicationWrapper:95 - Receive message [690104917] from queue CLIENT
[2018-04-21 14:50:49] [INFO ] UserGestor:44 - SIGINT detected. Closing connection
[2018-04-21 15:03:05] [INFO ] Settings:19 - "user-gestor.properties" was loaded correctly
[2018-04-21 15:03:05] [INFO ] CommunicationWrapper:47 - Created queue CLIENT
[2018-04-21 15:03:05] [INFO ] Settings:19 - "../database.properties" was loaded correctly
[2018-04-21 15:03:05] [INFO ] UserGestor:81 - Waiting client request
[2018-04-21 15:03:07] [DEBUG] CommunicationWrapper:95 - Receive message [690104917] from queue CLIENT
[2018-04-21 15:03:07] [DEBUG] FileCellBlock:178 - Update not find block to update. Write 'user1===1524333787222===1' on the end
[2018-04-21 15:03:07] [INFO ] UserGestor:97 - Updated activity for user user1
[2018-04-21 15:04:07] [DEBUG] CommunicationWrapper:95 - Receive message [690104917] from queue CLIENT
[2018-04-21 15:04:07] [DEBUG] BlockDatabase:160 - Compare row: user1 with userName user1
[2018-04-21 15:04:07] [DEBUG] BlockDatabase:162 - Update from: user1===1524333787222===1
[2018-04-21 15:04:07] [DEBUG] BlockDatabase:164 - Update to: user1===1524333847204===60
[2018-04-21 15:04:07] [DEBUG] FileCellBlock:178 - Update not find block to update. Write 'user1===1524333847201===1' on the end
[2018-04-21 15:04:07] [INFO ] UserGestor:97 - Updated activity for user user1
[2018-04-21 15:05:07] [DEBUG] CommunicationWrapper:95 - Receive message [690104917] from queue CLIENT
[2018-04-21 15:05:07] [DEBUG] BlockDatabase:160 - Compare row: user1 with userName user1
[2018-04-21 15:05:07] [DEBUG] BlockDatabase:162 - Update from: user1===1524333787222===1
[2018-04-21 15:05:07] [DEBUG] BlockDatabase:164 - Update to: user1===1524333907218===120
[2018-04-21 15:05:07] [DEBUG] BlockDatabase:160 - Compare row: user1 with userName user1
[2018-04-21 15:05:07] [DEBUG] BlockDatabase:162 - Update from: user1===1524333847201===1
[2018-04-21 15:05:07] [DEBUG] BlockDatabase:164 - Update to: user1===1524333907220===61
[2018-04-21 15:05:07] [DEBUG] FileCellBlock:178 - Update not find block to update. Write 'user1===1524333907216===1' on the end
[2018-04-21 15:05:07] [INFO ] UserGestor:97 - Updated activity for user user1
[2018-04-21 15:06:07] [DEBUG] CommunicationWrapper:95 - Receive message [690104917] from queue CLIENT
[2018-04-21 15:06:07] [DEBUG] BlockDatabase:160 - Compare row: user1 with userName user1
[2018-04-21 15:06:07] [DEBUG] BlockDatabase:162 - Update from: user1===1524333787222===1
[2018-04-21 15:06:07] [DEBUG] BlockDatabase:164 - Update to: user1===1524333967205===180
[2018-04-21 15:06:07] [DEBUG] BlockDatabase:160 - Compare row: user1 with userName user1
[2018-04-21 15:06:07] [DEBUG] BlockDatabase:162 - Update from: user1===1524333847201===1
[2018-04-21 15:06:07] [DEBUG] BlockDatabase:164 - Update to: user1===1524333967207===121
[2018-04-21 15:06:07] [DEBUG] BlockDatabase:160 - Compare row: user1 with userName user1
[2018-04-21 15:06:07] [DEBUG] BlockDatabase:162 - Update from: user1===1524333907216===1
[2018-04-21 15:06:07] [DEBUG] BlockDatabase:164 - Update to: user1===1524333967209===60
[2018-04-21 15:06:07] [DEBUG] FileCellBlock:178 - Update not find block to update. Write 'user1===1524333967202===1' on the end
[2018-04-21 15:06:07] [INFO ] UserGestor:97 - Updated activity for user user1
[2018-04-21 15:07:07] [DEBUG] CommunicationWrapper:95 - Receive message [690104917] from queue CLIENT
[2018-04-21 15:07:07] [DEBUG] BlockDatabase:160 - Compare row: user1 with userName user1
[2018-04-21 15:07:07] [DEBUG] BlockDatabase:162 - Update from: user1===1524333787222===1
[2018-04-21 15:07:07] [DEBUG] BlockDatabase:164 - Update to: user1===1524334027205===240
[2018-04-21 15:07:07] [DEBUG] BlockDatabase:160 - Compare row: user1 with userName user1
[2018-04-21 15:07:07] [DEBUG] BlockDatabase:162 - Update from: user1===1524333847201===1
[2018-04-21 15:07:07] [DEBUG] BlockDatabase:164 - Update to: user1===1524334027208===181
[2018-04-21 15:07:07] [DEBUG] BlockDatabase:160 - Compare row: user1 with userName user1
[2018-04-21 15:07:07] [DEBUG] BlockDatabase:162 - Update from: user1===1524333907216===1
[2018-04-21 15:07:07] [DEBUG] BlockDatabase:164 - Update to: user1===1524334027211===120
[2018-04-21 15:07:07] [DEBUG] BlockDatabase:160 - Compare row: user1 with userName user1
[2018-04-21 15:07:07] [DEBUG] BlockDatabase:162 - Update from: user1===1524333967202===1
[2018-04-21 15:07:07] [DEBUG] BlockDatabase:164 - Update to: user1===1524334027212===61
[2018-04-21 15:07:07] [DEBUG] FileCellBlock:178 - Update not find block to update. Write 'user1===1524334027202===1' on the end
[2018-04-21 15:07:07] [INFO ] UserGestor:97 - Updated activity for user user1
[2018-04-21 15:08:07] [DEBUG] CommunicationWrapper:95 - Receive message [690104917] from queue CLIENT
[2018-04-21 15:08:07] [DEBUG] BlockDatabase:160 - Compare row: user1 with userName user1
[2018-04-21 15:08:07] [DEBUG] BlockDatabase:162 - Update from: user1===1524333787222===1
[2018-04-21 15:08:07] [DEBUG] BlockDatabase:164 - Update to: user1===1524334087205===300
[2018-04-21 15:08:07] [DEBUG] BlockDatabase:160 - Compare row: user1 with userName user1
[2018-04-21 15:08:07] [DEBUG] BlockDatabase:162 - Update from: user1===1524333847201===1
[2018-04-21 15:08:07] [DEBUG] BlockDatabase:164 - Update to: user1===1524334087206===241
[2018-04-21 15:08:07] [DEBUG] BlockDatabase:160 - Compare row: user1 with userName user1
[2018-04-21 15:08:07] [DEBUG] BlockDatabase:162 - Update from: user1===1524333907216===1
[2018-04-21 15:08:07] [DEBUG] BlockDatabase:164 - Update to: user1===1524334087210===180
[2018-04-21 15:08:07] [DEBUG] BlockDatabase:160 - Compare row: user1 with userName user1
[2018-04-21 15:08:07] [DEBUG] BlockDatabase:162 - Update from: user1===1524333967202===1
[2018-04-21 15:08:07] [DEBUG] BlockDatabase:164 - Update to: user1===1524334087212===121
[2018-04-21 15:08:07] [DEBUG] BlockDatabase:160 - Compare row: user1 with userName user1
[2018-04-21 15:08:07] [DEBUG] BlockDatabase:162 - Update from: user1===1524334027202===1
[2018-04-21 15:08:07] [DEBUG] BlockDatabase:164 - Update to: user1===1524334087214===61
[2018-04-21 15:08:07] [DEBUG] FileCellBlock:178 - Update not find block to update. Write 'user1===1524334087202===1' on the end
[2018-04-21 15:08:07] [INFO ] UserGestor:97 - Updated activity for user user1
[2018-04-21 15:09:07] [DEBUG] CommunicationWrapper:95 - Receive message [690104917] from queue CLIENT
[2018-04-21 15:09:07] [DEBUG] BlockDatabase:160 - Compare row: user1 with userName user1
[2018-04-21 15:09:07] [DEBUG] BlockDatabase:162 - Update from: user1===1524333787222===1
[2018-04-21 15:09:07] [DEBUG] BlockDatabase:164 - Update to: user1===1524334147204===360
[2018-04-21 15:09:07] [DEBUG] BlockDatabase:160 - Compare row: user1 with userName user1
[2018-04-21 15:09:07] [DEBUG] BlockDatabase:162 - Update from: user1===1524333847201===1
[2018-04-21 15:09:07] [DEBUG] BlockDatabase:164 - Update to: user1===1524334147207===301
[2018-04-21 15:09:07] [DEBUG] BlockDatabase:160 - Compare row: user1 with userName user1
[2018-04-21 15:09:07] [DEBUG] BlockDatabase:162 - Update from: user1===1524333907216===1
[2018-04-21 15:09:07] [DEBUG] BlockDatabase:164 - Update to: user1===1524334147214===240
[2018-04-21 15:09:07] [DEBUG] BlockDatabase:160 - Compare row: user1 with userName user1
[2018-04-21 15:09:07] [DEBUG] BlockDatabase:162 - Update from: user1===1524333967202===1
[2018-04-21 15:09:07] [DEBUG] BlockDatabase:164 - Update to: user1===1524334147216===181
[2018-04-21 15:09:07] [DEBUG] BlockDatabase:160 - Compare row: user1 with userName user1
[2018-04-21 15:09:07] [DEBUG] BlockDatabase:162 - Update from: user1===1524334027202===1
[2018-04-21 15:09:07] [DEBUG] BlockDatabase:164 - Update to: user1===1524334147217===121
[2018-04-21 15:09:07] [DEBUG] BlockDatabase:160 - Compare row: user1 with userName user1
[2018-04-21 15:09:07] [DEBUG] BlockDatabase:162 - Update from: user1===1524334087202===1
[2018-04-21 15:09:07] [DEBUG] BlockDatabase:164 - Update to: user1===1524334147218===61
[2018-04-21 15:09:07] [DEBUG] FileCellBlock:178 - Update not find block to update. Write 'user1===1524334147202===1' on the end
[2018-04-21 15:09:07] [INFO ] UserGestor:97 - Updated activity for user user1
[2018-04-21 15:10:07] [DEBUG] CommunicationWrapper:95 - Receive message [690104917] from queue CLIENT
[2018-04-21 15:10:07] [DEBUG] BlockDatabase:160 - Compare row: user1 with userName user1
[2018-04-21 15:10:07] [DEBUG] BlockDatabase:162 - Update from: user1===1524333787222===1
[2018-04-21 15:10:07] [DEBUG] BlockDatabase:164 - Update to: user1===1524334207204===420
[2018-04-21 15:10:07] [DEBUG] BlockDatabase:160 - Compare row: user1 with userName user1
[2018-04-21 15:10:07] [DEBUG] BlockDatabase:162 - Update from: user1===1524333847201===1
[2018-04-21 15:10:07] [DEBUG] BlockDatabase:164 - Update to: user1===1524334207206===361
[2018-04-21 15:10:07] [DEBUG] BlockDatabase:160 - Compare row: user1 with userName user1
[2018-04-21 15:10:07] [DEBUG] BlockDatabase:162 - Update from: user1===1524333907216===1
[2018-04-21 15:10:07] [DEBUG] BlockDatabase:164 - Update to: user1===1524334207208===300
[2018-04-21 15:10:07] [DEBUG] BlockDatabase:160 - Compare row: user1 with userName user1
[2018-04-21 15:10:07] [DEBUG] BlockDatabase:162 - Update from: user1===1524333967202===1
[2018-04-21 15:10:07] [DEBUG] BlockDatabase:164 - Update to: user1===1524334207209===241
[2018-04-21 15:10:07] [DEBUG] BlockDatabase:160 - Compare row: user1 with userName user1
[2018-04-21 15:10:07] [DEBUG] BlockDatabase:162 - Update from: user1===1524334027202===1
[2018-04-21 15:10:07] [DEBUG] BlockDatabase:164 - Update to: user1===1524334207210===181
[2018-04-21 15:10:07] [DEBUG] BlockDatabase:160 - Compare row: user1 with userName user1
[2018-04-21 15:10:07] [DEBUG] BlockDatabase:162 - Update from: user1===1524334087202===1
[2018-04-21 15:10:07] [DEBUG] BlockDatabase:164 - Update to: user1===1524334207211===121
[2018-04-21 15:10:07] [DEBUG] BlockDatabase:160 - Compare row: user1 with userName user1
[2018-04-21 15:10:07] [DEBUG] BlockDatabase:162 - Update from: user1===1524334147202===1
[2018-04-21 15:10:07] [DEBUG] BlockDatabase:164 - Update to: user1===1524334207213===61
[2018-04-21 15:10:07] [DEBUG] FileCellBlock:178 - Update not find block to update. Write 'user1===1524334207202===1' on the end
[2018-04-21 15:10:07] [INFO ] UserGestor:97 - Updated activity for user user1
[2018-04-21 15:11:07] [DEBUG] CommunicationWrapper:95 - Receive message [690104917] from queue CLIENT
[2018-04-21 15:11:07] [DEBUG] BlockDatabase:160 - Compare row: user1 with userName user1
[2018-04-21 15:11:07] [DEBUG] BlockDatabase:162 - Update from: user1===1524333787222===1
[2018-04-21 15:11:07] [DEBUG] BlockDatabase:164 - Update to: user1===1524334267203===480
[2018-04-21 15:11:07] [DEBUG] BlockDatabase:160 - Compare row: user1 with userName user1
[2018-04-21 15:11:07] [DEBUG] BlockDatabase:162 - Update from: user1===1524333847201===1
[2018-04-21 15:11:07] [DEBUG] BlockDatabase:164 - Update to: user1===1524334267207===421
[2018-04-21 15:11:07] [DEBUG] BlockDatabase:160 - Compare row: user1 with userName user1
[2018-04-21 15:11:07] [DEBUG] BlockDatabase:162 - Update from: user1===1524333907216===1
[2018-04-21 15:11:07] [DEBUG] BlockDatabase:164 - Update to: user1===1524334267213===360
[2018-04-21 15:11:07] [DEBUG] BlockDatabase:160 - Compare row: user1 with userName user1
[2018-04-21 15:11:07] [DEBUG] BlockDatabase:162 - Update from: user1===1524333967202===1
[2018-04-21 15:11:07] [DEBUG] BlockDatabase:164 - Update to: user1===1524334267215===301
[2018-04-21 15:11:07] [DEBUG] BlockDatabase:160 - Compare row: user1 with userName user1
[2018-04-21 15:11:07] [DEBUG] BlockDatabase:162 - Update from: user1===1524334027202===1
[2018-04-21 15:11:07] [DEBUG] BlockDatabase:164 - Update to: user1===1524334267218===241
[2018-04-21 15:11:07] [DEBUG] BlockDatabase:160 - Compare row: user1 with userName user1
[2018-04-21 15:11:07] [DEBUG] BlockDatabase:162 - Update from: user1===1524334087202===1
[2018-04-21 15:11:07] [DEBUG] BlockDatabase:164 - Update to: user1===1524334267223===181
[2018-04-21 15:11:07] [DEBUG] BlockDatabase:160 - Compare row: user1 with userName user1
[2018-04-21 15:11:07] [DEBUG] BlockDatabase:162 - Update from: user1===1524334147202===1
[2018-04-21 15:11:07] [DEBUG] BlockDatabase:164 - Update to: user1===1524334267227===121
[2018-04-21 15:11:07] [DEBUG] BlockDatabase:160 - Compare row: user1 with userName user1
[2018-04-21 15:11:07] [DEBUG] BlockDatabase:162 - Update from: user1===1524334207202===1
[2018-04-21 15:11:07] [DEBUG] BlockDatabase:164 - Update to: user1===1524334267228===61
[2018-04-21 15:11:07] [DEBUG] FileCellBlock:178 - Update not find block to update. Write 'user1===1524334267202===1' on the end
[2018-04-21 15:11:07] [INFO ] UserGestor:97 - Updated activity for user user1
[2018-04-21 15:12:07] [DEBUG] CommunicationWrapper:95 - Receive message [690104917] from queue CLIENT
[2018-04-21 15:12:07] [DEBUG] BlockDatabase:160 - Compare row: user1 with userName user1
[2018-04-21 15:12:07] [DEBUG] BlockDatabase:162 - Update from: user1===1524333787222===1
[2018-04-21 15:12:07] [DEBUG] BlockDatabase:164 - Update to: user1===1524334327206===540
[2018-04-21 15:12:07] [DEBUG] BlockDatabase:160 - Compare row: user1 with userName user1
[2018-04-21 15:12:07] [DEBUG] BlockDatabase:162 - Update from: user1===1524333847201===1
[2018-04-21 15:12:07] [DEBUG] BlockDatabase:164 - Update to: user1===1524334327211===481
[2018-04-21 15:12:07] [DEBUG] BlockDatabase:160 - Compare row: user1 with userName user1
[2018-04-21 15:12:07] [DEBUG] BlockDatabase:162 - Update from: user1===1524333907216===1
[2018-04-21 15:12:07] [DEBUG] BlockDatabase:164 - Update to: user1===1524334327214===420
[2018-04-21 15:12:07] [DEBUG] BlockDatabase:160 - Compare row: user1 with userName user1
[2018-04-21 15:12:07] [DEBUG] BlockDatabase:162 - Update from: user1===1524333967202===1
[2018-04-21 15:12:07] [DEBUG] BlockDatabase:164 - Update to: user1===1524334327216===361
[2018-04-21 15:12:07] [DEBUG] BlockDatabase:160 - Compare row: user1 with userName user1
[2018-04-21 15:12:07] [DEBUG] BlockDatabase:162 - Update from: user1===1524334027202===1
[2018-04-21 15:12:07] [DEBUG] BlockDatabase:164 - Update to: user1===1524334327218===301
[2018-04-21 15:12:07] [DEBUG] BlockDatabase:160 - Compare row: user1 with userName user1
[2018-04-21 15:12:07] [DEBUG] BlockDatabase:162 - Update from: user1===1524334087202===1
[2018-04-21 15:12:07] [DEBUG] BlockDatabase:164 - Update to: user1===1524334327219===241
[2018-04-21 15:12:07] [DEBUG] BlockDatabase:160 - Compare row: user1 with userName user1
[2018-04-21 15:12:07] [DEBUG] BlockDatabase:162 - Update from: user1===1524334147202===1
[2018-04-21 15:12:07] [DEBUG] BlockDatabase:164 - Update to: user1===1524334327220===181
[2018-04-21 15:12:07] [DEBUG] BlockDatabase:160 - Compare row: user1 with userName user1
[2018-04-21 15:12:07] [DEBUG] BlockDatabase:162 - Update from: user1===1524334207202===1
[2018-04-21 15:12:07] [DEBUG] BlockDatabase:164 - Update to: user1===1524334327222===121
[2018-04-21 15:12:07] [DEBUG] BlockDatabase:160 - Compare row: user1 with userName user1
[2018-04-21 15:12:07] [DEBUG] BlockDatabase:162 - Update from: user1===1524334267202===1
[2018-04-21 15:12:07] [DEBUG] BlockDatabase:164 - Update to: user1===1524334327223===61
[2018-04-21 15:12:07] [DEBUG] FileCellBlock:178 - Update not find block to update. Write 'user1===1524334327203===1' on the end
[2018-04-21 15:12:07] [INFO ] UserGestor:97 - Updated activity for user user1
[2018-04-21 15:13:07] [DEBUG] CommunicationWrapper:95 - Receive message [690104917] from queue CLIENT
[2018-04-21 15:13:07] [DEBUG] BlockDatabase:160 - Compare row: user1 with userName user1
[2018-04-21 15:13:07] [DEBUG] BlockDatabase:162 - Update from: user1===1524333787222===1
[2018-04-21 15:13:07] [DEBUG] BlockDatabase:164 - Update to: user1===1524334387214===600
[2018-04-21 15:13:07] [DEBUG] BlockDatabase:160 - Compare row: user1 with userName user1
[2018-04-21 15:13:07] [DEBUG] BlockDatabase:162 - Update from: user1===1524333847201===1
[2018-04-21 15:13:07] [DEBUG] BlockDatabase:164 - Update to: user1===1524334387214===541
[2018-04-21 15:13:07] [DEBUG] BlockDatabase:160 - Compare row: user1 with userName user1
[2018-04-21 15:13:07] [DEBUG] BlockDatabase:162 - Update from: user1===1524333907216===1
[2018-04-21 15:13:07] [DEBUG] BlockDatabase:164 - Update to: user1===1524334387215===480
[2018-04-21 15:13:07] [DEBUG] BlockDatabase:160 - Compare row: user1 with userName user1
[2018-04-21 15:13:07] [DEBUG] BlockDatabase:162 - Update from: user1===1524333967202===1
[2018-04-21 15:13:07] [DEBUG] BlockDatabase:164 - Update to: user1===1524334387215===421
[2018-04-21 15:13:07] [DEBUG] BlockDatabase:160 - Compare row: user1 with userName user1
[2018-04-21 15:13:07] [DEBUG] BlockDatabase:162 - Update from: user1===1524334027202===1
[2018-04-21 15:13:07] [DEBUG] BlockDatabase:164 - Update to: user1===1524334387216===361
[2018-04-21 15:13:07] [DEBUG] BlockDatabase:160 - Compare row: user1 with userName user1
[2018-04-21 15:13:07] [DEBUG] BlockDatabase:162 - Update from: user1===1524334087202===1
[2018-04-21 15:13:07] [DEBUG] BlockDatabase:164 - Update to: user1===1524334387217===301
[2018-04-21 15:13:07] [DEBUG] BlockDatabase:160 - Compare row: user1 with userName user1
[2018-04-21 15:13:07] [DEBUG] BlockDatabase:162 - Update from: user1===1524334147202===1
[2018-04-21 15:13:07] [DEBUG] BlockDatabase:164 - Update to: user1===1524334387218===241
[2018-04-21 15:13:07] [DEBUG] BlockDatabase:160 - Compare row: user1 with userName user1
[2018-04-21 15:13:07] [DEBUG] BlockDatabase:162 - Update from: user1===1524334207202===1
[2018-04-21 15:13:07] [DEBUG] BlockDatabase:164 - Update to: user1===1524334387219===181
[2018-04-21 15:13:07] [DEBUG] BlockDatabase:160 - Compare row: user1 with userName user1
[2018-04-21 15:13:07] [DEBUG] BlockDatabase:162 - Update from: user1===1524334267202===1
[2018-04-21 15:13:07] [DEBUG] BlockDatabase:164 - Update to: user1===1524334387220===121
[2018-04-21 15:13:07] [DEBUG] BlockDatabase:160 - Compare row: user1 with userName user1
[2018-04-21 15:13:07] [DEBUG] BlockDatabase:162 - Update from: user1===1524334327203===1
[2018-04-21 15:13:07] [DEBUG] BlockDatabase:164 - Update to: user1===1524334387221===61
[2018-04-21 15:13:07] [DEBUG] FileCellBlock:178 - Update not find block to update. Write 'user1===1524334387213===1' on the end
[2018-04-21 15:13:07] [INFO ] UserGestor:97 - Updated activity for user user1
[2018-04-21 15:14:07] [DEBUG] CommunicationWrapper:95 - Receive message [690104917] from queue CLIENT
[2018-04-21 15:14:07] [DEBUG] BlockDatabase:160 - Compare row: user1 with userName user1
[2018-04-21 15:14:07] [DEBUG] BlockDatabase:162 - Update from: user1===1524333787222===1
[2018-04-21 15:14:07] [DEBUG] BlockDatabase:164 - Update to: user1===1524334447203===660
[2018-04-21 15:14:07] [DEBUG] BlockDatabase:160 - Compare row: user1 with userName user1
[2018-04-21 15:14:07] [DEBUG] BlockDatabase:162 - Update from: user1===1524333847201===1
[2018-04-21 15:14:07] [DEBUG] BlockDatabase:164 - Update to: user1===1524334447204===601
[2018-04-21 15:14:07] [DEBUG] BlockDatabase:160 - Compare row: user1 with userName user1
[2018-04-21 15:14:07] [DEBUG] BlockDatabase:162 - Update from: user1===1524333907216===1
[2018-04-21 15:14:07] [DEBUG] BlockDatabase:164 - Update to: user1===1524334447205===540
[2018-04-21 15:14:07] [DEBUG] BlockDatabase:160 - Compare row: user1 with userName user1
[2018-04-21 15:14:07] [DEBUG] BlockDatabase:162 - Update from: user1===1524333967202===1
[2018-04-21 15:14:07] [DEBUG] BlockDatabase:164 - Update to: user1===1524334447205===481
[2018-04-21 15:14:07] [DEBUG] BlockDatabase:160 - Compare row: user1 with userName user1
[2018-04-21 15:14:07] [DEBUG] BlockDatabase:162 - Update from: user1===1524334027202===1
[2018-04-21 15:14:07] [DEBUG] BlockDatabase:164 - Update to: user1===1524334447206===421
[2018-04-21 15:14:07] [DEBUG] BlockDatabase:160 - Compare row: user1 with userName user1
[2018-04-21 15:14:07] [DEBUG] BlockDatabase:162 - Update from: user1===1524334087202===1
[2018-04-21 15:14:07] [DEBUG] BlockDatabase:164 - Update to: user1===1524334447208===361
[2018-04-21 15:14:07] [DEBUG] BlockDatabase:160 - Compare row: user1 with userName user1
[2018-04-21 15:14:07] [DEBUG] BlockDatabase:162 - Update from: user1===1524334147202===1
[2018-04-21 15:14:07] [DEBUG] BlockDatabase:164 - Update to: user1===1524334447213===301
[2018-04-21 15:14:07] [DEBUG] BlockDatabase:160 - Compare row: user1 with userName user1
[2018-04-21 15:14:07] [DEBUG] BlockDatabase:162 - Update from: user1===1524334207202===1
[2018-04-21 15:14:07] [DEBUG] BlockDatabase:164 - Update to: user1===1524334447216===241
[2018-04-21 15:14:07] [DEBUG] BlockDatabase:160 - Compare row: user1 with userName user1
[2018-04-21 15:14:07] [DEBUG] BlockDatabase:162 - Update from: user1===1524334267202===1
[2018-04-21 15:14:07] [DEBUG] BlockDatabase:164 - Update to: user1===1524334447220===181
[2018-04-21 15:14:07] [DEBUG] BlockDatabase:160 - Compare row: user1 with userName user1
[2018-04-21 15:14:07] [DEBUG] BlockDatabase:162 - Update from: user1===1524334327203===1
[2018-04-21 15:14:07] [DEBUG] BlockDatabase:164 - Update to: user1===1524334447221===121
[2018-04-21 15:14:07] [DEBUG] BlockDatabase:160 - Compare row: user1 with userName user1
[2018-04-21 15:14:07] [DEBUG] BlockDatabase:162 - Update from: user1===1524334387213===1
[2018-04-21 15:14:07] [DEBUG] BlockDatabase:164 - Update to: user1===1524334447222===61
[2018-04-21 15:14:07] [DEBUG] FileCellBlock:178 - Update not find block to update. Write 'user1===1524334447202===1' on the end
[2018-04-21 15:14:07] [INFO ] UserGestor:97 - Updated activity for user user1
[2018-04-21 15:15:07] [DEBUG] CommunicationWrapper:95 - Receive message [690104917] from queue CLIENT
[2018-04-21 15:15:07] [DEBUG] BlockDatabase:160 - Compare row: user1 with userName user1
[2018-04-21 15:15:07] [DEBUG] BlockDatabase:162 - Update from: user1===1524333787222===1
[2018-04-21 15:15:07] [DEBUG] BlockDatabase:164 - Update to: user1===1524334507202===720
[2018-04-21 15:15:07] [DEBUG] BlockDatabase:160 - Compare row: user1 with userName user1
[2018-04-21 15:15:07] [DEBUG] BlockDatabase:162 - Update from: user1===1524333847201===1
[2018-04-21 15:15:07] [DEBUG] BlockDatabase:164 - Update to: user1===1524334507203===661
[2018-04-21 15:15:07] [DEBUG] BlockDatabase:160 - Compare row: user1 with userName user1
[2018-04-21 15:15:07] [DEBUG] BlockDatabase:162 - Update from: user1===1524333907216===1
[2018-04-21 15:15:07] [DEBUG] BlockDatabase:164 - Update to: user1===1524334507205===600
[2018-04-21 15:15:07] [DEBUG] BlockDatabase:160 - Compare row: user1 with userName user1
[2018-04-21 15:15:07] [DEBUG] BlockDatabase:162 - Update from: user1===1524333967202===1
[2018-04-21 15:15:07] [DEBUG] BlockDatabase:164 - Update to: user1===1524334507207===541
[2018-04-21 15:15:07] [DEBUG] BlockDatabase:160 - Compare row: user1 with userName user1
[2018-04-21 15:15:07] [DEBUG] BlockDatabase:162 - Update from: user1===1524334027202===1
[2018-04-21 15:15:07] [DEBUG] BlockDatabase:164 - Update to: user1===1524334507208===481
[2018-04-21 15:15:07] [DEBUG] BlockDatabase:160 - Compare row: user1 with userName user1
[2018-04-21 15:15:07] [DEBUG] BlockDatabase:162 - Update from: user1===1524334087202===1
[2018-04-21 15:15:07] [DEBUG] BlockDatabase:164 - Update to: user1===1524334507210===421
[2018-04-21 15:15:07] [DEBUG] BlockDatabase:160 - Compare row: user1 with userName user1
[2018-04-21 15:15:07] [DEBUG] BlockDatabase:162 - Update from: user1===1524334147202===1
[2018-04-21 15:15:07] [DEBUG] BlockDatabase:164 - Update to: user1===1524334507211===361
[2018-04-21 15:15:07] [DEBUG] BlockDatabase:160 - Compare row: user1 with userName user1
[2018-04-21 15:15:07] [DEBUG] BlockDatabase:162 - Update from: user1===1524334207202===1
[2018-04-21 15:15:07] [DEBUG] BlockDatabase:164 - Update to: user1===1524334507212===301
[2018-04-21 15:15:07] [DEBUG] BlockDatabase:160 - Compare row: user1 with userName user1
[2018-04-21 15:15:07] [DEBUG] BlockDatabase:162 - Update from: user1===1524334267202===1
[2018-04-21 15:15:07] [DEBUG] BlockDatabase:164 - Update to: user1===1524334507213===241
[2018-04-21 15:15:07] [DEBUG] BlockDatabase:160 - Compare row: user1 with userName user1
[2018-04-21 15:15:07] [DEBUG] BlockDatabase:162 - Update from: user1===1524334327203===1
[2018-04-21 15:15:07] [DEBUG] BlockDatabase:164 - Update to: user1===1524334507213===181
[2018-04-21 15:15:07] [DEBUG] BlockDatabase:160 - Compare row: user1 with userName user1
[2018-04-21 15:15:07] [DEBUG] BlockDatabase:162 - Update from: user1===1524334387213===1
[2018-04-21 15:15:07] [DEBUG] BlockDatabase:164 - Update to: user1===1524334507214===121
[2018-04-21 15:15:07] [DEBUG] BlockDatabase:160 - Compare row: user1 with userName user1
[2018-04-21 15:15:07] [DEBUG] BlockDatabase:162 - Update from: user1===1524334447202===1
[2018-04-21 15:15:07] [DEBUG] BlockDatabase:164 - Update to: user1===1524334507215===61
[2018-04-21 15:15:07] [DEBUG] FileCellBlock:178 - Update not find block to update. Write 'user1===1524334507201===1' on the end
[2018-04-21 15:15:07] [INFO ] UserGestor:97 - Updated activity for user user1
[2018-04-21 15:15:55] [DEBUG] CommunicationWrapper:95 - Receive message [1677517287] from queue CLIENT
[2018-04-21 15:15:55] [DEBUG] FileCellBlock:178 - Update not find block to update. Write 'user1===0' on the end
[2018-04-21 15:15:55] [INFO ] UserGestor:100 - Deleted user user1 from radio music
[2018-04-21 15:15:55] [INFO ] connection:101 - [DISCONNECTION] user 'user1' to radio 'music'
[2018-04-21 15:16:02] [INFO ] UserGestor:44 - SIGINT detected. Closing connection
[2018-04-21 15:16:02] [INFO ] UserGestor:47 - Connection closed
[2018-04-21 15:16:02] [INFO ] UserGestor:113 - Exiting
[2018-04-21 15:16:13] [INFO ] Settings:19 - "user-gestor.properties" was loaded correctly
[2018-04-21 15:16:13] [INFO ] CommunicationWrapper:47 - Created queue CLIENT
[2018-04-21 15:16:13] [INFO ] Settings:19 - "../database.properties" was loaded correctly
[2018-04-21 15:16:13] [INFO ] UserGestor:81 - Waiting client request
[2018-04-21 15:18:30] [DEBUG] CommunicationWrapper:95 - Receive message [1441774727] from queue CLIENT
[2018-04-21 15:18:30] [INFO ] UserGestor:55 - Request connection from user1 in radio music
[2018-04-21 15:18:30] [DEBUG] FileCellBlock:178 - Update not find block to update. Write 'user1===1' on the end
[2018-04-21 15:18:30] [INFO ] UserGestor:60 - Accepted connection from user1 to radio music
[2018-04-21 15:18:30] [INFO ] connection:61 - [CONNECTION] user 'user1' to radio 'music'
[2018-04-21 15:18:30] [DEBUG] CommunicationWrapper:69 - Send message [-403124413] on queue amq.gen-yhy-xW8-lqVnS75BveJsaA
[2018-04-21 15:19:30] [DEBUG] CommunicationWrapper:95 - Receive message [690104917] from queue CLIENT
[2018-04-21 15:19:30] [DEBUG] FileCellBlock:178 - Update not find block to update. Write 'user1===1524334770354===1' on the end
[2018-04-21 15:19:30] [INFO ] UserGestor:97 - Updated activity for user user1
[2018-04-21 15:20:30] [DEBUG] CommunicationWrapper:95 - Receive message [690104917] from queue CLIENT
[2018-04-21 15:20:30] [DEBUG] BlockDatabase:160 - Compare row: user1 with userName user1
[2018-04-21 15:20:30] [DEBUG] BlockDatabase:162 - Update from: user1===1524334770354===1
[2018-04-21 15:20:30] [DEBUG] BlockDatabase:164 - Update to: user1===1524334830371===61
[2018-04-21 15:20:30] [DEBUG] FileCellBlock:178 - Update not find block to update. Write 'user1===1524334830366===1' on the end
[2018-04-21 15:20:30] [INFO ] UserGestor:97 - Updated activity for user user1
[2018-04-21 15:21:30] [DEBUG] CommunicationWrapper:95 - Receive message [690104917] from queue CLIENT
[2018-04-21 15:21:30] [DEBUG] BlockDatabase:160 - Compare row: user1 with userName user1
[2018-04-21 15:21:30] [DEBUG] BlockDatabase:162 - Update from: user1===1524334770354===1
[2018-04-21 15:21:30] [DEBUG] BlockDatabase:164 - Update to: user1===1524334890357===121
[2018-04-21 15:21:30] [DEBUG] BlockDatabase:160 - Compare row: user1 with userName user1
[2018-04-21 15:21:30] [DEBUG] BlockDatabase:162 - Update from: user1===1524334830366===1
[2018-04-21 15:21:30] [DEBUG] BlockDatabase:164 - Update to: user1===1524334890361===60
[2018-04-21 15:21:30] [DEBUG] FileCellBlock:178 - Update not find block to update. Write 'user1===1524334890353===1' on the end
[2018-04-21 15:21:30] [INFO ] UserGestor:97 - Updated activity for user user1
[2018-04-21 15:21:49] [DEBUG] CommunicationWrapper:95 - Receive message [1224615053] from queue CLIENT
[2018-04-21 15:21:49] [DEBUG] FileCellBlock:178 - Update not find block to update. Write 'user1===0' on the end
[2018-04-21 15:21:49] [INFO ] UserGestor:100 - Deleted user user1 from radio music
[2018-04-21 15:21:49] [INFO ] connection:101 - [DISCONNECTION] user 'user1' to radio 'music'
[2018-04-21 15:22:05] [INFO ] UserGestor:44 - SIGINT detected. Closing connection
[2018-04-21 15:22:05] [INFO ] UserGestor:47 - Connection closed
[2018-04-21 15:22:05] [INFO ] UserGestor:113 - Exiting
[2018-04-21 15:37:03] [INFO ] Settings:19 - "user-gestor.properties" was loaded correctly
[2018-04-21 15:37:03] [INFO ] CommunicationWrapper:47 - Created queue CLIENT
[2018-04-21 15:37:03] [INFO ] Settings:19 - "../database.properties" was loaded correctly
[2018-04-21 15:37:03] [INFO ] UserGestor:81 - Waiting client request
[2018-04-21 15:38:11] [DEBUG] CommunicationWrapper:95 - Receive message [-861748705] from queue CLIENT
[2018-04-21 15:38:11] [INFO ] UserGestor:55 - Request connection from user1 in radio music
[2018-04-21 15:38:11] [DEBUG] FileCellBlock:178 - Update not find block to update. Write 'user1===1' on the end
[2018-04-21 15:38:11] [INFO ] UserGestor:60 - Accepted connection from user1 to radio music
[2018-04-21 15:38:11] [INFO ] connection:61 - [CONNECTION] user 'user1' to radio 'music'
[2018-04-21 15:38:11] [DEBUG] CommunicationWrapper:69 - Send message [-403124413] on queue amq.gen-tsfTjj2zYymWfZCXrp1iJA
[2018-04-21 15:39:11] [DEBUG] CommunicationWrapper:95 - Receive message [690104917] from queue CLIENT
[2018-04-21 15:39:11] [DEBUG] FileCellBlock:178 - Update not find block to update. Write 'user1===1524335951265===1' on the end
[2018-04-21 15:39:11] [INFO ] UserGestor:97 - Updated activity for user user1
[2018-04-21 15:40:02] [DEBUG] CommunicationWrapper:95 - Receive message [-1164305985] from queue CLIENT
[2018-04-21 15:40:02] [INFO ] UserGestor:55 - Request connection from user1 in radio music
[2018-04-21 15:40:02] [DEBUG] FileCellBlock:174 - Updated block 0.
'user1===1' -> 'user1===2'
[2018-04-21 15:40:02] [INFO ] UserGestor:60 - Accepted connection from user1 to radio music
[2018-04-21 15:40:02] [INFO ] connection:61 - [CONNECTION] user 'user1' to radio 'music'
[2018-04-21 15:40:02] [DEBUG] CommunicationWrapper:69 - Send message [-403124413] on queue amq.gen-_O1o5PdmWWQQXeETaUPT2A
[2018-04-21 15:40:11] [DEBUG] CommunicationWrapper:95 - Receive message [690104917] from queue CLIENT
[2018-04-21 15:40:11] [DEBUG] FileCellBlock:174 - Updated block 0.
'user1===1524335951265===1' -> 'user1===1524336011255===10'
[2018-04-21 15:40:11] [INFO ] UserGestor:97 - Updated activity for user user1
[2018-04-21 15:41:02] [DEBUG] CommunicationWrapper:95 - Receive message [690104917] from queue CLIENT
[2018-04-21 15:41:02] [DEBUG] FileCellBlock:174 - Updated block 0.
'user1===1524336011255===10' -> 'user1===1524336062230===18'
[2018-04-21 15:41:02] [INFO ] UserGestor:97 - Updated activity for user user1
[2018-04-21 15:41:11] [DEBUG] CommunicationWrapper:95 - Receive message [690104917] from queue CLIENT
[2018-04-21 15:41:11] [DEBUG] FileCellBlock:174 - Updated block 0.
'user1===1524336062230===18' -> 'user1===1524336071255===19'
[2018-04-21 15:41:11] [INFO ] UserGestor:97 - Updated activity for user user1
[2018-04-21 15:42:02] [DEBUG] CommunicationWrapper:95 - Receive message [690104917] from queue CLIENT
[2018-04-21 15:42:02] [DEBUG] FileCellBlock:174 - Updated block 0.
'user1===1524336071255===19' -> 'user1===1524336122214===27'
[2018-04-21 15:42:02] [INFO ] UserGestor:97 - Updated activity for user user1
[2018-04-21 15:42:11] [DEBUG] CommunicationWrapper:95 - Receive message [690104917] from queue CLIENT
[2018-04-21 15:42:11] [DEBUG] FileCellBlock:174 - Updated block 0.
'user1===1524336122214===27' -> 'user1===1524336131253===28'
[2018-04-21 15:42:11] [INFO ] UserGestor:97 - Updated activity for user user1
[2018-04-21 15:42:52] [DEBUG] CommunicationWrapper:95 - Receive message [-1381465659] from queue CLIENT
[2018-04-21 15:42:52] [DEBUG] FileCellBlock:174 - Updated block 0.
'user1===2' -> 'user1===1'
[2018-04-21 15:42:52] [INFO ] UserGestor:100 - Deleted user user1 from radio music
[2018-04-21 15:42:52] [INFO ] connection:101 - [DISCONNECTION] user 'user1' to radio 'music'
[2018-04-21 15:43:11] [DEBUG] CommunicationWrapper:95 - Receive message [690104917] from queue CLIENT
[2018-04-21 15:43:11] [DEBUG] FileCellBlock:174 - Updated block 0.
'user1===1524336131253===28' -> 'user1===1524336191264===38'
[2018-04-21 15:43:11] [INFO ] UserGestor:97 - Updated activity for user user1
[2018-04-21 15:43:18] [DEBUG] CommunicationWrapper:95 - Receive message [-1078908379] from queue CLIENT
[2018-04-21 15:43:18] [DEBUG] FileCellBlock:174 - Updated block 0.
'user1===1' -> 'user1===0'
[2018-04-21 15:43:18] [INFO ] UserGestor:100 - Deleted user user1 from radio music
[2018-04-21 15:43:18] [INFO ] connection:101 - [DISCONNECTION] user 'user1' to radio 'music'
[2018-04-21 15:43:38] [DEBUG] CommunicationWrapper:95 - Receive message [-1203746406] from queue CLIENT
[2018-04-21 15:43:38] [DEBUG] BlockDatabase:50 - Load database station.music
[2018-04-21 15:43:38] [DEBUG] CommunicationWrapper:69 - Send message [-932490575] on queue amq.gen-fyFojUqq7hFCjTU0Lz4z4w
[2018-04-21 15:45:32] [DEBUG] CommunicationWrapper:95 - Receive message [-2024355981] from queue CLIENT
[2018-04-21 15:45:32] [INFO ] UserGestor:55 - Request connection from user2 in radio music
[2018-04-21 15:45:32] [DEBUG] FileCellBlock:178 - Update not find block to update. Write 'user2===1' on the end
[2018-04-21 15:45:32] [INFO ] UserGestor:60 - Accepted connection from user2 to radio music
[2018-04-21 15:45:32] [INFO ] connection:61 - [CONNECTION] user 'user2' to radio 'music'
[2018-04-21 15:45:32] [DEBUG] CommunicationWrapper:69 - Send message [-403124413] on queue amq.gen-W5hxaPDslhG3c_v7hIBZSQ
[2018-04-21 15:46:32] [DEBUG] CommunicationWrapper:95 - Receive message [690105878] from queue CLIENT
[2018-04-21 15:46:32] [DEBUG] FileCellBlock:178 - Update not find block to update. Write 'user2===1524336392602===1' on the end
[2018-04-21 15:46:32] [INFO ] UserGestor:97 - Updated activity for user user2
[2018-04-21 15:47:31] [DEBUG] CommunicationWrapper:95 - Receive message [2053451641] from queue CLIENT
[2018-04-21 15:47:31] [DEBUG] FileCellBlock:174 - Updated block 1.
'user2===1' -> 'user2===0'
[2018-04-21 15:47:31] [INFO ] UserGestor:100 - Deleted user user2 from radio music
[2018-04-21 15:47:31] [INFO ] connection:101 - [DISCONNECTION] user 'user2' to radio 'music'
[2018-04-21 15:55:13] [DEBUG] CommunicationWrapper:95 - Receive message [-1101450578] from queue CLIENT
[2018-04-21 15:55:13] [DEBUG] CommunicationWrapper:69 - Send message [-932490575] on queue amq.gen-G1tudG-BJE8Lq4aSbuz4Nw
[2018-04-21 15:57:15] [DEBUG] CommunicationWrapper:95 - Receive message [1333959928] from queue CLIENT
[2018-04-21 15:57:15] [DEBUG] CommunicationWrapper:69 - Send message [-932490575] on queue amq.gen-I3TFHGjcqFJwdsyDkVJyHQ
[2018-04-21 16:02:12] [INFO ] UserGestor:44 - SIGINT detected. Closing connection
[2018-04-21 16:02:12] [INFO ] UserGestor:47 - Connection closed
