[2018-04-20 20:54:21] [INFO ] Settings:19 - "initializer.properties" was loaded correctly
[2018-04-20 20:54:21] [INFO ] Initializer:7 - Initialize all queues to use
[2018-04-20 20:54:21] [INFO ] CommunicationWrapper:47 - Created queue ADMIN_REQUEST
[2018-04-20 20:54:21] [INFO ] CommunicationWrapper:47 - Created queue ADMIN_RESPONSE
[2018-04-20 20:54:21] [INFO ] CommunicationWrapper:47 - Created queue RADIO
[2018-04-20 20:54:21] [INFO ] CommunicationWrapper:47 - Created queue CLIENT
[2018-04-20 20:54:21] [INFO ] Initializer:26 - OK. Initializer
[2018-04-21 02:51:50] [INFO ] Settings:19 - "initializer.properties" was loaded correctly
[2018-04-21 02:51:50] [INFO ] Initializer:7 - Initialize all queues to use
[2018-04-21 02:51:50] [INFO ] CommunicationWrapper:47 - Created queue ADMIN_REQUEST
[2018-04-21 02:51:50] [INFO ] CommunicationWrapper:47 - Created queue ADMIN_RESPONSE
[2018-04-21 02:51:50] [INFO ] CommunicationWrapper:47 - Created queue RADIO
[2018-04-21 02:51:50] [INFO ] CommunicationWrapper:47 - Created queue CLIENT
[2018-04-21 02:51:50] [INFO ] Initializer:26 - OK. Initializer
[2018-04-21 02:58:29] [INFO ] Settings:19 - "initializer.properties" was loaded correctly
[2018-04-21 02:58:29] [INFO ] Initializer:7 - Initialize all queues to use
[2018-04-21 02:58:29] [INFO ] CommunicationWrapper:47 - Created queue ADMIN_REQUEST
[2018-04-21 02:58:29] [INFO ] CommunicationWrapper:47 - Created queue ADMIN_RESPONSE
[2018-04-21 02:58:29] [INFO ] CommunicationWrapper:47 - Created queue RADIO
[2018-04-21 02:58:29] [INFO ] CommunicationWrapper:47 - Created queue CLIENT
[2018-04-21 02:58:29] [INFO ] Initializer:26 - OK. Initializer
[2018-04-21 03:15:21] [INFO ] Settings:19 - "initializer.properties" was loaded correctly
[2018-04-21 03:15:21] [INFO ] Initializer:7 - Initialize all queues to use
[2018-04-21 03:15:22] [INFO ] CommunicationWrapper:47 - Created queue ADMIN_REQUEST
[2018-04-21 03:15:22] [INFO ] CommunicationWrapper:47 - Created queue ADMIN_RESPONSE
[2018-04-21 03:15:22] [INFO ] CommunicationWrapper:47 - Created queue RADIO
[2018-04-21 03:15:22] [INFO ] CommunicationWrapper:47 - Created queue CLIENT
[2018-04-21 03:15:22] [INFO ] Initializer:26 - OK. Initializer
[2018-04-21 03:36:48] [INFO ] Settings:19 - "initializer.properties" was loaded correctly
[2018-04-21 03:36:48] [INFO ] Initializer:7 - Initialize all queues to use
[2018-04-21 03:36:48] [INFO ] CommunicationWrapper:47 - Created queue ADMIN_REQUEST
[2018-04-21 03:36:48] [INFO ] CommunicationWrapper:47 - Created queue ADMIN_RESPONSE
[2018-04-21 03:36:48] [INFO ] CommunicationWrapper:47 - Created queue RADIO
[2018-04-21 03:36:48] [INFO ] CommunicationWrapper:47 - Created queue CLIENT
[2018-04-21 03:36:48] [INFO ] Initializer:26 - OK. Initializer
[2018-04-21 09:29:31] [INFO ] Settings:19 - "initializer.properties" was loaded correctly
[2018-04-21 09:29:31] [INFO ] Initializer:7 - Initialize all queues to use
[2018-04-21 09:29:32] [INFO ] CommunicationWrapper:47 - Created queue ADMIN_REQUEST
[2018-04-21 09:29:32] [INFO ] CommunicationWrapper:47 - Created queue ADMIN_RESPONSE
[2018-04-21 09:29:32] [INFO ] CommunicationWrapper:47 - Created queue RADIO
[2018-04-21 09:29:32] [INFO ] CommunicationWrapper:47 - Created queue CLIENT
[2018-04-21 09:29:32] [INFO ] Initializer:26 - OK. Initializer
[2018-04-21 09:52:17] [INFO ] Settings:19 - "initializer.properties" was loaded correctly
[2018-04-21 09:52:17] [INFO ] Initializer:7 - Initialize all queues to use
[2018-04-21 09:52:17] [INFO ] CommunicationWrapper:47 - Created queue ADMIN_REQUEST
[2018-04-21 09:52:17] [INFO ] CommunicationWrapper:47 - Created queue ADMIN_RESPONSE
[2018-04-21 09:52:17] [INFO ] CommunicationWrapper:47 - Created queue RADIO
[2018-04-21 09:52:17] [INFO ] CommunicationWrapper:47 - Created queue CLIENT
[2018-04-21 09:52:17] [INFO ] Initializer:26 - OK. Initializer
[2018-04-21 09:57:36] [INFO ] Settings:19 - "initializer.properties" was loaded correctly
[2018-04-21 09:57:36] [INFO ] Initializer:7 - Initialize all queues to use
[2018-04-21 09:57:36] [INFO ] CommunicationWrapper:47 - Created queue ADMIN_REQUEST
[2018-04-21 09:57:36] [INFO ] CommunicationWrapper:47 - Created queue ADMIN_RESPONSE
[2018-04-21 09:57:36] [INFO ] CommunicationWrapper:47 - Created queue RADIO
[2018-04-21 09:57:36] [INFO ] CommunicationWrapper:47 - Created queue CLIENT
[2018-04-21 09:57:36] [INFO ] Initializer:26 - OK. Initializer
[2018-04-21 10:11:30] [INFO ] Settings:19 - "initializer.properties" was loaded correctly
[2018-04-21 10:11:30] [INFO ] Initializer:7 - Initialize all queues to use
[2018-04-21 10:11:31] [INFO ] CommunicationWrapper:47 - Created queue ADMIN_REQUEST
[2018-04-21 10:11:31] [INFO ] CommunicationWrapper:47 - Created queue ADMIN_RESPONSE
[2018-04-21 10:11:31] [INFO ] CommunicationWrapper:47 - Created queue RADIO
[2018-04-21 10:11:31] [INFO ] CommunicationWrapper:47 - Created queue CLIENT
[2018-04-21 10:11:31] [INFO ] Initializer:26 - OK. Initializer
[2018-04-21 10:37:12] [INFO ] Settings:19 - "initializer.properties" was loaded correctly
[2018-04-21 10:37:12] [INFO ] Initializer:7 - Initialize all queues to use
[2018-04-21 10:37:13] [INFO ] CommunicationWrapper:47 - Created queue ADMIN_REQUEST
[2018-04-21 10:37:13] [INFO ] CommunicationWrapper:47 - Created queue ADMIN_RESPONSE
[2018-04-21 10:37:13] [INFO ] CommunicationWrapper:47 - Created queue RADIO
[2018-04-21 10:37:13] [INFO ] CommunicationWrapper:47 - Created queue CLIENT
[2018-04-21 10:37:13] [INFO ] Initializer:26 - OK. Initializer
[2018-04-21 10:41:35] [INFO ] Settings:19 - "initializer.properties" was loaded correctly
[2018-04-21 10:41:35] [INFO ] Initializer:7 - Initialize all queues to use
[2018-04-21 10:41:35] [INFO ] CommunicationWrapper:47 - Created queue ADMIN_REQUEST
[2018-04-21 10:41:35] [INFO ] CommunicationWrapper:47 - Created queue ADMIN_RESPONSE
[2018-04-21 10:41:35] [INFO ] CommunicationWrapper:47 - Created queue RADIO
[2018-04-21 10:41:35] [INFO ] CommunicationWrapper:47 - Created queue CLIENT
[2018-04-21 10:41:35] [INFO ] Initializer:26 - OK. Initializer
[2018-04-21 10:45:03] [INFO ] Settings:19 - "initializer.properties" was loaded correctly
[2018-04-21 10:45:03] [INFO ] Initializer:7 - Initialize all queues to use
[2018-04-21 10:45:03] [INFO ] CommunicationWrapper:47 - Created queue ADMIN_REQUEST
[2018-04-21 10:45:03] [INFO ] CommunicationWrapper:47 - Created queue ADMIN_RESPONSE
[2018-04-21 10:45:03] [INFO ] CommunicationWrapper:47 - Created queue RADIO
[2018-04-21 10:45:03] [INFO ] CommunicationWrapper:47 - Created queue CLIENT
[2018-04-21 10:45:03] [INFO ] Initializer:26 - OK. Initializer
[2018-04-21 12:15:03] [INFO ] Settings:19 - "initializer.properties" was loaded correctly
[2018-04-21 12:15:03] [INFO ] Initializer:7 - Initialize all queues to use
[2018-04-21 12:15:03] [INFO ] CommunicationWrapper:47 - Created queue ADMIN_REQUEST
[2018-04-21 12:15:03] [INFO ] CommunicationWrapper:47 - Created queue ADMIN_RESPONSE
[2018-04-21 12:15:03] [INFO ] CommunicationWrapper:47 - Created queue RADIO
[2018-04-21 12:15:03] [INFO ] CommunicationWrapper:47 - Created queue CLIENT
[2018-04-21 12:15:03] [INFO ] Initializer:26 - OK. Initializer
[2018-04-21 12:23:17] [INFO ] Settings:19 - "initializer.properties" was loaded correctly
[2018-04-21 12:23:17] [INFO ] Initializer:7 - Initialize all queues to use
[2018-04-21 12:23:17] [INFO ] CommunicationWrapper:47 - Created queue ADMIN_REQUEST
[2018-04-21 12:23:17] [INFO ] CommunicationWrapper:47 - Created queue ADMIN_RESPONSE
[2018-04-21 12:23:17] [INFO ] CommunicationWrapper:47 - Created queue RADIO
[2018-04-21 12:23:17] [INFO ] CommunicationWrapper:47 - Created queue CLIENT
[2018-04-21 12:23:17] [INFO ] Initializer:26 - OK. Initializer
[2018-04-21 12:26:50] [INFO ] Settings:19 - "initializer.properties" was loaded correctly
[2018-04-21 12:26:50] [INFO ] Initializer:7 - Initialize all queues to use
[2018-04-21 12:26:50] [INFO ] CommunicationWrapper:47 - Created queue ADMIN_REQUEST
[2018-04-21 12:26:50] [INFO ] CommunicationWrapper:47 - Created queue ADMIN_RESPONSE
[2018-04-21 12:26:50] [INFO ] CommunicationWrapper:47 - Created queue RADIO
[2018-04-21 12:26:50] [INFO ] CommunicationWrapper:47 - Created queue CLIENT
[2018-04-21 12:26:50] [INFO ] Initializer:26 - OK. Initializer
[2018-04-21 13:31:50] [INFO ] Settings:19 - "initializer.properties" was loaded correctly
[2018-04-21 13:31:50] [INFO ] Initializer:7 - Initialize all queues to use
[2018-04-21 13:31:50] [INFO ] CommunicationWrapper:47 - Created queue ADMIN_REQUEST
[2018-04-21 13:31:50] [INFO ] CommunicationWrapper:47 - Created queue ADMIN_RESPONSE
[2018-04-21 13:31:50] [INFO ] CommunicationWrapper:47 - Created queue RADIO
[2018-04-21 13:31:50] [INFO ] CommunicationWrapper:47 - Created queue CLIENT
[2018-04-21 13:31:50] [INFO ] Initializer:26 - OK. Initializer
[2018-04-21 13:35:46] [INFO ] Settings:19 - "initializer.properties" was loaded correctly
[2018-04-21 13:35:46] [INFO ] Initializer:7 - Initialize all queues to use
[2018-04-21 13:35:47] [INFO ] CommunicationWrapper:47 - Created queue ADMIN_REQUEST
[2018-04-21 13:35:47] [INFO ] CommunicationWrapper:47 - Created queue ADMIN_RESPONSE
[2018-04-21 13:35:47] [INFO ] CommunicationWrapper:47 - Created queue RADIO
[2018-04-21 13:35:47] [INFO ] CommunicationWrapper:47 - Created queue CLIENT
[2018-04-21 13:35:47] [INFO ] Initializer:26 - OK. Initializer
[2018-04-21 13:37:32] [INFO ] Settings:19 - "initializer.properties" was loaded correctly
[2018-04-21 13:37:32] [INFO ] Initializer:7 - Initialize all queues to use
[2018-04-21 13:37:32] [INFO ] CommunicationWrapper:47 - Created queue ADMIN_REQUEST
[2018-04-21 13:37:32] [INFO ] CommunicationWrapper:47 - Created queue ADMIN_RESPONSE
[2018-04-21 13:37:32] [INFO ] CommunicationWrapper:47 - Created queue RADIO
[2018-04-21 13:37:32] [INFO ] CommunicationWrapper:47 - Created queue CLIENT
[2018-04-21 13:37:32] [INFO ] Initializer:26 - OK. Initializer
[2018-04-21 13:40:02] [INFO ] Settings:19 - "initializer.properties" was loaded correctly
[2018-04-21 13:40:02] [INFO ] Initializer:7 - Initialize all queues to use
[2018-04-21 13:40:03] [INFO ] CommunicationWrapper:47 - Created queue ADMIN_REQUEST
[2018-04-21 13:40:03] [INFO ] CommunicationWrapper:47 - Created queue ADMIN_RESPONSE
[2018-04-21 13:40:03] [INFO ] CommunicationWrapper:47 - Created queue RADIO
[2018-04-21 13:40:03] [INFO ] CommunicationWrapper:47 - Created queue CLIENT
[2018-04-21 13:40:03] [INFO ] Initializer:26 - OK. Initializer
[2018-04-21 13:42:04] [INFO ] Settings:19 - "initializer.properties" was loaded correctly
[2018-04-21 13:42:04] [INFO ] Initializer:7 - Initialize all queues to use
[2018-04-21 13:42:04] [INFO ] CommunicationWrapper:47 - Created queue ADMIN_REQUEST
[2018-04-21 13:42:04] [INFO ] CommunicationWrapper:47 - Created queue ADMIN_RESPONSE
[2018-04-21 13:42:04] [INFO ] CommunicationWrapper:47 - Created queue RADIO
[2018-04-21 13:42:04] [INFO ] CommunicationWrapper:47 - Created queue CLIENT
[2018-04-21 13:42:04] [INFO ] Initializer:26 - OK. Initializer
[2018-04-21 13:52:25] [INFO ] Settings:19 - "initializer.properties" was loaded correctly
[2018-04-21 13:52:25] [INFO ] Initializer:7 - Initialize all queues to use
[2018-04-21 13:52:26] [INFO ] CommunicationWrapper:47 - Created queue ADMIN_REQUEST
[2018-04-21 13:52:26] [INFO ] CommunicationWrapper:47 - Created queue ADMIN_RESPONSE
[2018-04-21 13:52:26] [INFO ] CommunicationWrapper:47 - Created queue RADIO
[2018-04-21 13:52:26] [INFO ] CommunicationWrapper:47 - Created queue CLIENT
[2018-04-21 13:52:26] [INFO ] Initializer:26 - OK. Initializer
[2018-04-21 14:42:02] [INFO ] Settings:19 - "initializer.properties" was loaded correctly
[2018-04-21 14:42:02] [INFO ] Initializer:7 - Initialize all queues to use
[2018-04-21 14:42:02] [INFO ] CommunicationWrapper:47 - Created queue ADMIN_REQUEST
[2018-04-21 14:42:02] [INFO ] CommunicationWrapper:47 - Created queue ADMIN_RESPONSE
[2018-04-21 14:42:02] [INFO ] CommunicationWrapper:47 - Created queue RADIO
[2018-04-21 14:42:02] [INFO ] CommunicationWrapper:47 - Created queue CLIENT
[2018-04-21 14:42:02] [INFO ] Initializer:26 - OK. Initializer
[2018-04-21 15:03:02] [INFO ] Settings:19 - "initializer.properties" was loaded correctly
[2018-04-21 15:03:02] [INFO ] Initializer:7 - Initialize all queues to use
[2018-04-21 15:03:03] [INFO ] CommunicationWrapper:47 - Created queue ADMIN_REQUEST
[2018-04-21 15:03:03] [INFO ] CommunicationWrapper:47 - Created queue ADMIN_RESPONSE
[2018-04-21 15:03:03] [INFO ] CommunicationWrapper:47 - Created queue RADIO
[2018-04-21 15:03:03] [INFO ] CommunicationWrapper:47 - Created queue CLIENT
[2018-04-21 15:03:03] [INFO ] Initializer:26 - OK. Initializer
[2018-04-21 15:16:11] [INFO ] Settings:19 - "initializer.properties" was loaded correctly
[2018-04-21 15:16:11] [INFO ] Initializer:7 - Initialize all queues to use
[2018-04-21 15:16:11] [INFO ] CommunicationWrapper:47 - Created queue ADMIN_REQUEST
[2018-04-21 15:16:11] [INFO ] CommunicationWrapper:47 - Created queue ADMIN_RESPONSE
[2018-04-21 15:16:11] [INFO ] CommunicationWrapper:47 - Created queue RADIO
[2018-04-21 15:16:11] [INFO ] CommunicationWrapper:47 - Created queue CLIENT
[2018-04-21 15:16:11] [INFO ] Initializer:26 - OK. Initializer
[2018-04-21 15:37:01] [INFO ] Settings:19 - "initializer.properties" was loaded correctly
[2018-04-21 15:37:01] [INFO ] Initializer:7 - Initialize all queues to use
[2018-04-21 15:37:01] [INFO ] CommunicationWrapper:47 - Created queue ADMIN_REQUEST
[2018-04-21 15:37:01] [INFO ] CommunicationWrapper:47 - Created queue ADMIN_RESPONSE
[2018-04-21 15:37:01] [INFO ] CommunicationWrapper:47 - Created queue RADIO
[2018-04-21 15:37:01] [INFO ] CommunicationWrapper:47 - Created queue CLIENT
[2018-04-21 15:37:01] [INFO ] Initializer:26 - OK. Initializer
